2019-02-07 16:26:48,438 [DEBUG] Using GPU 0 and 1
2019-02-07 16:26:48,497 [DEBUG] CACHEDIR=/home/miruware/.cache/matplotlib
2019-02-07 16:26:48,498 [DEBUG] Using fontManager instance from /home/miruware/.cache/matplotlib/fontlist-v300.json
2019-02-07 16:26:48,574 [DEBUG] Loaded backend agg version unknown.
2019-02-07 16:26:48,576 [DEBUG] Loading configs from /home/miruware/anomaly/anomaly-detection-and-localization/logs/UCSD_ped1/jobs/3df36c94-5457-4bc3-a8b9-7af636acb134/config.yml
2019-02-07 16:26:54,332 [INFO] Compiling model with mse and sgd optimizer
2019-02-07 16:26:54,351 [INFO] Saving model configuration to /home/miruware/anomaly/anomaly-detection-and-localization/logs/UCSD_ped1/jobs/3df36c94-5457-4bc3-a8b9-7af636acb134/model.yml
2019-02-07 16:26:54,410 [INFO] Preparing training and testing data
2019-02-07 16:26:54,410 [DEBUG] Step 1/4: Check if mean frame exists for UCSD_ped1
2019-02-07 16:26:54,410 [DEBUG] Step 2/4: Check if training/testing_frames_videoID.npy exists for UCSD_ped1
2019-02-07 16:26:54,411 [DEBUG] Step 3/4: Check if individual h5 files exists for UCSD_ped1
2019-02-07 16:26:54,411 [INFO] Step 3/4: Generating volumes for UCSD_ped1 training set
2019-02-07 16:27:10,248 [INFO] Step 3/4: Generating volumes for UCSD_ped1 testing set
2019-02-07 16:27:25,272 [DEBUG] Step 4/4: Check if individual h5 files have already been combined for UCSD_ped1
2019-02-07 16:27:25,272 [INFO] Step 4/4: Combining h5 files for UCSD_ped1
2019-02-07 16:29:16,342 [INFO] Preprocessing is completed
2019-02-07 16:29:16,349 [INFO] Initializing training...
2019-02-07 16:29:27,046 [DEBUG] Training started!
2019-02-07 16:30:32,385 [DEBUG] Training loss for epoch 1 is 0.004429068109533607
2019-02-07 16:30:32,386 [DEBUG] Validation loss for epoch 1 is 0.0038819486424326896
2019-02-07 16:31:33,449 [DEBUG] Training loss for epoch 2 is 0.004192386341799513
2019-02-07 16:31:33,450 [DEBUG] Validation loss for epoch 2 is 0.003763094134628773
2019-02-07 16:32:34,287 [DEBUG] Training loss for epoch 3 is 0.004080857191692596
2019-02-07 16:32:34,288 [DEBUG] Validation loss for epoch 3 is 0.0036687540113925932
2019-02-07 16:33:34,960 [DEBUG] Training loss for epoch 4 is 0.00399293050980248
2019-02-07 16:33:34,961 [DEBUG] Validation loss for epoch 4 is 0.0035897341668605803
2019-02-07 16:34:35,708 [DEBUG] Training loss for epoch 5 is 0.0039115914421177095
2019-02-07 16:34:35,708 [DEBUG] Validation loss for epoch 5 is 0.0035139054395258427
2019-02-07 16:35:36,006 [DEBUG] Training loss for epoch 6 is 0.0038315867475697003
2019-02-07 16:35:36,006 [DEBUG] Validation loss for epoch 6 is 0.0034336702600121496
2019-02-07 16:36:36,772 [DEBUG] Training loss for epoch 7 is 0.0037519097407769392
2019-02-07 16:36:36,772 [DEBUG] Validation loss for epoch 7 is 0.0033516634721308947
2019-02-07 16:37:37,322 [DEBUG] Training loss for epoch 8 is 0.003673697043720654
2019-02-07 16:37:37,323 [DEBUG] Validation loss for epoch 8 is 0.003279352117329836
2019-02-07 16:38:38,215 [DEBUG] Training loss for epoch 9 is 0.003597236311755085
2019-02-07 16:38:38,215 [DEBUG] Validation loss for epoch 9 is 0.003201397728174925
2019-02-07 16:39:38,891 [DEBUG] Training loss for epoch 10 is 0.0035238764735496483
2019-02-07 16:39:38,892 [DEBUG] Validation loss for epoch 10 is 0.003131360363215208
2019-02-07 16:40:39,704 [DEBUG] Training loss for epoch 11 is 0.0034552497034866132
2019-02-07 16:40:39,704 [DEBUG] Validation loss for epoch 11 is 0.003061697795987129
2019-02-07 16:41:40,008 [DEBUG] Training loss for epoch 12 is 0.0033916387849061164
2019-02-07 16:41:40,009 [DEBUG] Validation loss for epoch 12 is 0.003006191052496433
2019-02-07 16:42:40,113 [DEBUG] Training loss for epoch 13 is 0.003333162414081037
2019-02-07 16:42:40,113 [DEBUG] Validation loss for epoch 13 is 0.0029423794914036987
2019-02-07 16:43:41,019 [DEBUG] Training loss for epoch 14 is 0.0032804750569038472
2019-02-07 16:43:41,019 [DEBUG] Validation loss for epoch 14 is 0.002890671778470278
2019-02-07 16:44:42,509 [DEBUG] Training loss for epoch 15 is 0.003231384584582858
2019-02-07 16:44:42,509 [DEBUG] Validation loss for epoch 15 is 0.00284459506906569
2019-02-07 16:45:44,838 [DEBUG] Training loss for epoch 16 is 0.0031869250575296245
2019-02-07 16:45:44,838 [DEBUG] Validation loss for epoch 16 is 0.002800281271338463
2019-02-07 16:46:46,804 [DEBUG] Training loss for epoch 17 is 0.0031454763592268196
2019-02-07 16:46:46,804 [DEBUG] Validation loss for epoch 17 is 0.0027623235806822776
2019-02-07 16:47:48,746 [DEBUG] Training loss for epoch 18 is 0.003107495479335703
2019-02-07 16:47:48,747 [DEBUG] Validation loss for epoch 18 is 0.0027240201774984597
2019-02-07 16:48:51,222 [DEBUG] Training loss for epoch 19 is 0.0030716530637326257
2019-02-07 16:48:51,222 [DEBUG] Validation loss for epoch 19 is 0.0026918708458542823
2019-02-07 16:49:53,038 [DEBUG] Training loss for epoch 20 is 0.0030379338564198613
2019-02-07 16:49:53,038 [DEBUG] Validation loss for epoch 20 is 0.002658205868676305
2019-02-07 16:50:54,840 [DEBUG] Training loss for epoch 21 is 0.00300751566277859
2019-02-07 16:50:54,841 [DEBUG] Validation loss for epoch 21 is 0.0026247921828180553
2019-02-07 16:51:56,431 [DEBUG] Training loss for epoch 22 is 0.002978175868987932
2019-02-07 16:51:56,431 [DEBUG] Validation loss for epoch 22 is 0.002599274609237909
2019-02-07 16:52:57,915 [DEBUG] Training loss for epoch 23 is 0.0029515176232099154
2019-02-07 16:52:57,916 [DEBUG] Validation loss for epoch 23 is 0.0025769014935940505
2019-02-07 16:53:59,702 [DEBUG] Training loss for epoch 24 is 0.002925530729794317
2019-02-07 16:53:59,702 [DEBUG] Validation loss for epoch 24 is 0.002548278968781233
2019-02-07 16:55:01,830 [DEBUG] Training loss for epoch 25 is 0.002900983343732222
2019-02-07 16:55:01,830 [DEBUG] Validation loss for epoch 25 is 0.0025280458461493256
2019-02-07 16:56:03,260 [DEBUG] Training loss for epoch 26 is 0.0028777985786229876
2019-02-07 16:56:03,260 [DEBUG] Validation loss for epoch 26 is 0.002505129801109433
2019-02-07 16:57:05,568 [DEBUG] Training loss for epoch 27 is 0.002856030755039662
2019-02-07 16:57:05,569 [DEBUG] Validation loss for epoch 27 is 0.00248581931181252
2019-02-07 16:58:07,304 [DEBUG] Training loss for epoch 28 is 0.002835177146898067
2019-02-07 16:58:07,304 [DEBUG] Validation loss for epoch 28 is 0.0024699072651565073
2019-02-07 16:59:09,038 [DEBUG] Training loss for epoch 29 is 0.0028151073262863663
2019-02-07 16:59:09,038 [DEBUG] Validation loss for epoch 29 is 0.002448439959436655
2019-02-07 17:00:11,256 [DEBUG] Training loss for epoch 30 is 0.0027952626762559143
2019-02-07 17:00:11,256 [DEBUG] Validation loss for epoch 30 is 0.002430342001840472
2019-02-07 17:01:13,267 [DEBUG] Training loss for epoch 31 is 0.0027770265321231495
2019-02-07 17:01:13,267 [DEBUG] Validation loss for epoch 31 is 0.002406340909190476
2019-02-07 17:02:14,341 [DEBUG] Training loss for epoch 32 is 0.0027591999923405213
2019-02-07 17:02:14,342 [DEBUG] Validation loss for epoch 32 is 0.0024002438243478537
2019-02-07 17:03:16,851 [DEBUG] Training loss for epoch 33 is 0.002741762108233952
2019-02-07 17:03:16,851 [DEBUG] Validation loss for epoch 33 is 0.0023826057286933065
2019-02-07 17:04:17,158 [DEBUG] Training loss for epoch 34 is 0.0027253616175030248
2019-02-07 17:04:17,158 [DEBUG] Validation loss for epoch 34 is 0.002364816619083285
2019-02-07 17:05:17,294 [DEBUG] Training loss for epoch 35 is 0.0027088648637975067
2019-02-07 17:05:17,294 [DEBUG] Validation loss for epoch 35 is 0.0023460323344916107
2019-02-07 17:06:18,422 [DEBUG] Training loss for epoch 36 is 0.0026933754242477823
2019-02-07 17:06:18,423 [DEBUG] Validation loss for epoch 36 is 0.002335518468171358
2019-02-07 17:07:19,156 [DEBUG] Training loss for epoch 37 is 0.0026777766672578655
2019-02-07 17:07:19,157 [DEBUG] Validation loss for epoch 37 is 0.002314980340190232
2019-02-07 17:08:20,102 [DEBUG] Training loss for epoch 38 is 0.0026632104743808762
2019-02-07 17:08:20,103 [DEBUG] Validation loss for epoch 38 is 0.002306019775569439
2019-02-07 17:09:20,269 [DEBUG] Training loss for epoch 39 is 0.002648668881146616
2019-02-07 17:09:20,269 [DEBUG] Validation loss for epoch 39 is 0.0022915386836975813
2019-02-07 17:10:20,598 [DEBUG] Training loss for epoch 40 is 0.002633925060521927
2019-02-07 17:10:20,598 [DEBUG] Validation loss for epoch 40 is 0.0022770072342827917
2019-02-07 17:11:20,986 [DEBUG] Training loss for epoch 41 is 0.0026207432656622583
2019-02-07 17:11:20,987 [DEBUG] Validation loss for epoch 41 is 0.0022666900176554917
2019-02-07 17:12:20,862 [DEBUG] Training loss for epoch 42 is 0.0026067068042644
2019-02-07 17:12:20,862 [DEBUG] Validation loss for epoch 42 is 0.0022556701237335802
2019-02-07 17:13:20,123 [DEBUG] Training loss for epoch 43 is 0.0025940045050416396
2019-02-07 17:13:20,124 [DEBUG] Validation loss for epoch 43 is 0.002240625463426113
2019-02-07 17:14:19,999 [DEBUG] Training loss for epoch 44 is 0.0025809164011672053
2019-02-07 17:14:19,999 [DEBUG] Validation loss for epoch 44 is 0.002233120808377862
2019-02-07 17:15:20,314 [DEBUG] Training loss for epoch 45 is 0.00256847223795761
2019-02-07 17:15:20,315 [DEBUG] Validation loss for epoch 45 is 0.0022206859104335307
2019-02-07 17:16:22,501 [DEBUG] Training loss for epoch 46 is 0.00255597040542575
2019-02-07 17:16:22,502 [DEBUG] Validation loss for epoch 46 is 0.0022065123785287143
2019-02-07 17:17:23,904 [DEBUG] Training loss for epoch 47 is 0.0025440582505356266
2019-02-07 17:17:23,904 [DEBUG] Validation loss for epoch 47 is 0.002193125894293189
2019-02-07 17:18:25,539 [DEBUG] Training loss for epoch 48 is 0.0025318071285938834
2019-02-07 17:18:25,539 [DEBUG] Validation loss for epoch 48 is 0.0021888498794287443
2019-02-07 17:19:26,428 [DEBUG] Training loss for epoch 49 is 0.0025204430251398076
2019-02-07 17:19:26,428 [DEBUG] Validation loss for epoch 49 is 0.002174726125784218
2019-02-07 17:20:27,642 [DEBUG] Training loss for epoch 50 is 0.002508917415322536
2019-02-07 17:20:27,643 [DEBUG] Validation loss for epoch 50 is 0.0021661589704453947
2019-02-07 17:21:29,051 [DEBUG] Training loss for epoch 51 is 0.0024975390769712267
2019-02-07 17:21:29,051 [DEBUG] Validation loss for epoch 51 is 0.002157450284808874
2019-02-07 17:22:29,883 [DEBUG] Training loss for epoch 52 is 0.0024867250691273245
2019-02-07 17:22:29,884 [DEBUG] Validation loss for epoch 52 is 0.0021464342530816793
2019-02-07 17:23:31,182 [DEBUG] Training loss for epoch 53 is 0.0024757162680307475
2019-02-07 17:23:31,182 [DEBUG] Validation loss for epoch 53 is 0.0021353631978854536
2019-02-07 17:24:31,972 [DEBUG] Training loss for epoch 54 is 0.0024651845094634714
2019-02-07 17:24:31,973 [DEBUG] Validation loss for epoch 54 is 0.0021227492373436688
2019-02-07 17:25:33,871 [DEBUG] Training loss for epoch 55 is 0.0024547926365663586
2019-02-07 17:25:33,872 [DEBUG] Validation loss for epoch 55 is 0.0021174990190193058
2019-02-07 17:26:35,496 [DEBUG] Training loss for epoch 56 is 0.0024443094605135357
2019-02-07 17:26:35,497 [DEBUG] Validation loss for epoch 56 is 0.002105398928746581
2019-02-07 17:27:37,911 [DEBUG] Training loss for epoch 57 is 0.0024340253326276284
2019-02-07 17:27:37,911 [DEBUG] Validation loss for epoch 57 is 0.002097094009630382
2019-02-07 17:28:38,407 [DEBUG] Training loss for epoch 58 is 0.002424142885615123
2019-02-07 17:28:38,407 [DEBUG] Validation loss for epoch 58 is 0.0020846944227814676
2019-02-07 17:29:40,145 [DEBUG] Training loss for epoch 59 is 0.002414380066855784
2019-02-07 17:29:40,145 [DEBUG] Validation loss for epoch 59 is 0.002082092495635152
2019-02-07 17:30:41,643 [DEBUG] Training loss for epoch 60 is 0.0024048123683972486
2019-02-07 17:30:41,644 [DEBUG] Validation loss for epoch 60 is 0.002075526158325374
2019-02-07 17:31:42,934 [DEBUG] Training loss for epoch 61 is 0.0023951599000174404
2019-02-07 17:31:42,935 [DEBUG] Validation loss for epoch 61 is 0.00206252000015229
2019-02-07 17:32:44,332 [DEBUG] Training loss for epoch 62 is 0.00238580125075565
2019-02-07 17:32:44,332 [DEBUG] Validation loss for epoch 62 is 0.0020516429021954536
2019-02-07 17:33:45,612 [DEBUG] Training loss for epoch 63 is 0.0023764011892095462
2019-02-07 17:33:45,613 [DEBUG] Validation loss for epoch 63 is 0.0020433964654803277
2019-02-07 17:34:46,279 [DEBUG] Training loss for epoch 64 is 0.0023673853500204233
2019-02-07 17:34:46,280 [DEBUG] Validation loss for epoch 64 is 0.002040333954617381
2019-02-07 17:35:47,844 [DEBUG] Training loss for epoch 65 is 0.0023579264911730894
2019-02-07 17:35:47,845 [DEBUG] Validation loss for epoch 65 is 0.0020299864215776323
2019-02-07 17:36:49,326 [DEBUG] Training loss for epoch 66 is 0.0023491245066013062
2019-02-07 17:36:49,326 [DEBUG] Validation loss for epoch 66 is 0.002022066978737712
2019-02-07 17:37:50,632 [DEBUG] Training loss for epoch 67 is 0.002340171794771443
2019-02-07 17:37:50,632 [DEBUG] Validation loss for epoch 67 is 0.0020128413597121837
2019-02-07 17:38:52,333 [DEBUG] Training loss for epoch 68 is 0.002331376795776683
2019-02-07 17:38:52,333 [DEBUG] Validation loss for epoch 68 is 0.002004884954541922
2019-02-07 17:39:54,508 [DEBUG] Training loss for epoch 69 is 0.00232271636713896
2019-02-07 17:39:54,508 [DEBUG] Validation loss for epoch 69 is 0.001996939679607749
2019-02-07 17:40:56,185 [DEBUG] Training loss for epoch 70 is 0.002313895161378087
2019-02-07 17:40:56,186 [DEBUG] Validation loss for epoch 70 is 0.0019908193945884704
2019-02-07 17:41:58,140 [DEBUG] Training loss for epoch 71 is 0.002304977292917132
2019-02-07 17:41:58,140 [DEBUG] Validation loss for epoch 71 is 0.0019860400781035424
2019-02-07 17:43:00,639 [DEBUG] Training loss for epoch 72 is 0.002297877895088056
2019-02-07 17:43:00,640 [DEBUG] Validation loss for epoch 72 is 0.0019735319763422013
2019-02-07 17:44:02,842 [DEBUG] Training loss for epoch 73 is 0.0022894841088389843
2019-02-07 17:44:02,842 [DEBUG] Validation loss for epoch 73 is 0.0019660140965133905
2019-02-07 17:45:04,612 [DEBUG] Training loss for epoch 74 is 0.002280995582715782
2019-02-07 17:45:04,612 [DEBUG] Validation loss for epoch 74 is 0.0019602823201566935
2019-02-07 17:46:05,929 [DEBUG] Training loss for epoch 75 is 0.0022733005671038446
2019-02-07 17:46:05,929 [DEBUG] Validation loss for epoch 75 is 0.0019509810023009776
2019-02-07 17:47:07,023 [DEBUG] Training loss for epoch 76 is 0.002265204058395762
2019-02-07 17:47:07,024 [DEBUG] Validation loss for epoch 76 is 0.0019458768721669912
2019-02-07 17:48:07,752 [DEBUG] Training loss for epoch 77 is 0.002257248384274258
2019-02-07 17:48:07,752 [DEBUG] Validation loss for epoch 77 is 0.0019354552626609802
2019-02-07 17:49:09,140 [DEBUG] Training loss for epoch 78 is 0.002249392054680377
2019-02-07 17:49:09,140 [DEBUG] Validation loss for epoch 78 is 0.0019325740672647954
2019-02-07 17:50:11,540 [DEBUG] Training loss for epoch 79 is 0.0022416043811869716
2019-02-07 17:50:11,540 [DEBUG] Validation loss for epoch 79 is 0.0019269072217866778
2019-02-07 17:51:13,600 [DEBUG] Training loss for epoch 80 is 0.0022341823241526083
2019-02-07 17:51:13,600 [DEBUG] Validation loss for epoch 80 is 0.0019198419954627752
2019-02-07 17:52:15,540 [DEBUG] Training loss for epoch 81 is 0.00222610984715149
2019-02-07 17:52:15,540 [DEBUG] Validation loss for epoch 81 is 0.001909235200844705
2019-02-07 17:53:17,610 [DEBUG] Training loss for epoch 82 is 0.002219034587414567
2019-02-07 17:53:17,611 [DEBUG] Validation loss for epoch 82 is 0.001906586836092174
2019-02-07 17:54:19,948 [DEBUG] Training loss for epoch 83 is 0.0022117204202528476
2019-02-07 17:54:19,949 [DEBUG] Validation loss for epoch 83 is 0.0018969045914709569
2019-02-07 17:55:21,771 [DEBUG] Training loss for epoch 84 is 0.0022041624391222593
2019-02-07 17:55:21,772 [DEBUG] Validation loss for epoch 84 is 0.0018909189943224192
2019-02-07 17:56:24,172 [DEBUG] Training loss for epoch 85 is 0.002196792020833404
2019-02-07 17:56:24,173 [DEBUG] Validation loss for epoch 85 is 0.0018841580245643854
2019-02-07 17:57:25,972 [DEBUG] Training loss for epoch 86 is 0.002189523961702835
2019-02-07 17:57:25,973 [DEBUG] Validation loss for epoch 86 is 0.0018789035072550178
2019-02-07 17:58:27,212 [DEBUG] Training loss for epoch 87 is 0.0021819836227552135
2019-02-07 17:58:27,212 [DEBUG] Validation loss for epoch 87 is 0.001874150650575757
2019-02-07 17:59:28,308 [DEBUG] Training loss for epoch 88 is 0.002175688776970278
2019-02-07 17:59:28,308 [DEBUG] Validation loss for epoch 88 is 0.001865541560575366
2019-02-07 18:00:29,270 [DEBUG] Training loss for epoch 89 is 0.002168628859556001
2019-02-07 18:00:29,271 [DEBUG] Validation loss for epoch 89 is 0.0018581014946103095
2019-02-07 18:01:30,059 [DEBUG] Training loss for epoch 90 is 0.0021615519739508543
2019-02-07 18:01:30,059 [DEBUG] Validation loss for epoch 90 is 0.0018508076192811133
2019-02-07 18:02:31,546 [DEBUG] Training loss for epoch 91 is 0.0021543644655082836
2019-02-07 18:02:31,547 [DEBUG] Validation loss for epoch 91 is 0.001848161455243826
2019-02-07 18:03:32,265 [DEBUG] Training loss for epoch 92 is 0.0021478967368865837
2019-02-07 18:03:32,265 [DEBUG] Validation loss for epoch 92 is 0.001841091265901923
2019-02-07 18:04:32,886 [DEBUG] Training loss for epoch 93 is 0.0021405387260374944
2019-02-07 18:04:32,887 [DEBUG] Validation loss for epoch 93 is 0.001833208367228508
2019-02-07 18:05:33,880 [DEBUG] Training loss for epoch 94 is 0.002134763079269205
2019-02-07 18:05:33,881 [DEBUG] Validation loss for epoch 94 is 0.0018263605665415526
2019-02-07 18:06:34,978 [DEBUG] Training loss for epoch 95 is 0.0021276224575907856
2019-02-07 18:06:34,978 [DEBUG] Validation loss for epoch 95 is 0.0018237378541380168
2019-02-07 18:07:36,470 [DEBUG] Training loss for epoch 96 is 0.0021214224391559004
2019-02-07 18:07:36,470 [DEBUG] Validation loss for epoch 96 is 0.0018178045768290757
2019-02-07 18:08:37,191 [DEBUG] Training loss for epoch 97 is 0.0021147473584031845
2019-02-07 18:08:37,191 [DEBUG] Validation loss for epoch 97 is 0.0018102348502725364
2019-02-07 18:09:38,244 [DEBUG] Training loss for epoch 98 is 0.002108701352177367
2019-02-07 18:09:38,244 [DEBUG] Validation loss for epoch 98 is 0.0018060022378340364
2019-02-07 18:10:38,347 [DEBUG] Training loss for epoch 99 is 0.002102029825709392
2019-02-07 18:10:38,347 [DEBUG] Validation loss for epoch 99 is 0.0018005374995991588
2019-02-07 18:11:39,154 [DEBUG] Training loss for epoch 100 is 0.0020959209339985216
2019-02-07 18:11:39,154 [DEBUG] Validation loss for epoch 100 is 0.0017934498079121113
2019-02-07 18:12:40,212 [DEBUG] Training loss for epoch 101 is 0.0020893829992096238
2019-02-07 18:12:40,212 [DEBUG] Validation loss for epoch 101 is 0.0017912132488563657
2019-02-07 18:13:40,815 [DEBUG] Training loss for epoch 102 is 0.0020831495875000723
2019-02-07 18:13:40,816 [DEBUG] Validation loss for epoch 102 is 0.001782876688055694
2019-02-07 18:14:41,727 [DEBUG] Training loss for epoch 103 is 0.0020772769708794115
2019-02-07 18:14:41,727 [DEBUG] Validation loss for epoch 103 is 0.0017802827991545201
2019-02-07 18:15:42,452 [DEBUG] Training loss for epoch 104 is 0.002071243801415966
2019-02-07 18:15:42,453 [DEBUG] Validation loss for epoch 104 is 0.001773222178220749
2019-02-07 18:16:43,356 [DEBUG] Training loss for epoch 105 is 0.0020657229203715037
2019-02-07 18:16:43,356 [DEBUG] Validation loss for epoch 105 is 0.001768298527225852
2019-02-07 18:17:44,557 [DEBUG] Training loss for epoch 106 is 0.002059501602207863
2019-02-07 18:17:44,558 [DEBUG] Validation loss for epoch 106 is 0.001762783970683813
2019-02-07 18:18:45,499 [DEBUG] Training loss for epoch 107 is 0.0020532468764642834
2019-02-07 18:18:45,499 [DEBUG] Validation loss for epoch 107 is 0.0017557362243533134
2019-02-07 18:19:46,393 [DEBUG] Training loss for epoch 108 is 0.0020478182409148097
2019-02-07 18:19:46,393 [DEBUG] Validation loss for epoch 108 is 0.0017557690497487784
2019-02-07 18:20:46,855 [DEBUG] Training loss for epoch 109 is 0.0020414470720609996
2019-02-07 18:20:46,856 [DEBUG] Validation loss for epoch 109 is 0.0017493723165243865
2019-02-07 18:21:48,253 [DEBUG] Training loss for epoch 110 is 0.002036437351456554
2019-02-07 18:21:48,253 [DEBUG] Validation loss for epoch 110 is 0.0017448932193219662
2019-02-07 18:22:49,850 [DEBUG] Training loss for epoch 111 is 0.002030441027771324
2019-02-07 18:22:49,850 [DEBUG] Validation loss for epoch 111 is 0.0017399272881448268
2019-02-07 18:23:50,153 [DEBUG] Training loss for epoch 112 is 0.0020248909858397424
2019-02-07 18:23:50,153 [DEBUG] Validation loss for epoch 112 is 0.0017309777773916722
2019-02-07 18:24:51,060 [DEBUG] Training loss for epoch 113 is 0.002019657595063386
2019-02-07 18:24:51,061 [DEBUG] Validation loss for epoch 113 is 0.0017282258812338113
2019-02-07 18:25:52,174 [DEBUG] Training loss for epoch 114 is 0.002013346825536909
2019-02-07 18:25:52,175 [DEBUG] Validation loss for epoch 114 is 0.0017196012586355208
2019-02-07 18:26:52,966 [DEBUG] Training loss for epoch 115 is 0.0020086777427412656
2019-02-07 18:26:52,966 [DEBUG] Validation loss for epoch 115 is 0.0017201747875660658
2019-02-07 18:27:52,929 [DEBUG] Training loss for epoch 116 is 0.0020034260178671487
2019-02-07 18:27:52,930 [DEBUG] Validation loss for epoch 116 is 0.001710933281108737
2019-02-07 18:28:54,188 [DEBUG] Training loss for epoch 117 is 0.0019977692885279636
2019-02-07 18:28:54,189 [DEBUG] Validation loss for epoch 117 is 0.0017060826392844319
2019-02-07 18:29:55,065 [DEBUG] Training loss for epoch 118 is 0.001992910344345695
2019-02-07 18:29:55,065 [DEBUG] Validation loss for epoch 118 is 0.0017038598451763391
2019-02-07 18:30:56,080 [DEBUG] Training loss for epoch 119 is 0.001987328911055469
2019-02-07 18:30:56,080 [DEBUG] Validation loss for epoch 119 is 0.0016987989088520408
2019-02-07 18:31:57,059 [DEBUG] Training loss for epoch 120 is 0.001982172697553632
2019-02-07 18:31:57,060 [DEBUG] Validation loss for epoch 120 is 0.001694974417798221
2019-02-07 18:32:58,151 [DEBUG] Training loss for epoch 121 is 0.0019773629344052683
2019-02-07 18:32:58,152 [DEBUG] Validation loss for epoch 121 is 0.0016886982787400484
2019-02-07 18:33:59,333 [DEBUG] Training loss for epoch 122 is 0.001971711524983205
2019-02-07 18:33:59,333 [DEBUG] Validation loss for epoch 122 is 0.0016842509005218745
2019-02-07 18:35:00,141 [DEBUG] Training loss for epoch 123 is 0.0019671500857464316
2019-02-07 18:35:00,141 [DEBUG] Validation loss for epoch 123 is 0.0016806062404066324
2019-02-07 18:36:00,938 [DEBUG] Training loss for epoch 124 is 0.0019623021954291706
2019-02-07 18:36:00,939 [DEBUG] Validation loss for epoch 124 is 0.0016764919813722372
2019-02-07 18:37:02,052 [DEBUG] Training loss for epoch 125 is 0.0019574341105065693
2019-02-07 18:37:02,053 [DEBUG] Validation loss for epoch 125 is 0.0016723731616511942
2019-02-07 18:38:03,534 [DEBUG] Training loss for epoch 126 is 0.0019527055907831395
2019-02-07 18:38:03,535 [DEBUG] Validation loss for epoch 126 is 0.0016675313664600254
2019-02-07 18:39:05,099 [DEBUG] Training loss for epoch 127 is 0.0019474577812785756
2019-02-07 18:39:05,099 [DEBUG] Validation loss for epoch 127 is 0.0016621099188923836
2019-02-07 18:40:05,877 [DEBUG] Training loss for epoch 128 is 0.0019430408307211738
2019-02-07 18:40:05,878 [DEBUG] Validation loss for epoch 128 is 0.0016566017512232064
2019-02-07 18:41:07,048 [DEBUG] Training loss for epoch 129 is 0.0019375205544444423
2019-02-07 18:41:07,048 [DEBUG] Validation loss for epoch 129 is 0.00165470574144274
2019-02-07 18:42:08,353 [DEBUG] Training loss for epoch 130 is 0.0019334139806181613
2019-02-07 18:42:08,353 [DEBUG] Validation loss for epoch 130 is 0.0016494710678234697
2019-02-07 18:43:10,154 [DEBUG] Training loss for epoch 131 is 0.0019286850973434936
2019-02-07 18:43:10,154 [DEBUG] Validation loss for epoch 131 is 0.0016485097594559192
2019-02-07 18:44:11,741 [DEBUG] Training loss for epoch 132 is 0.0019237912681919266
2019-02-07 18:44:11,742 [DEBUG] Validation loss for epoch 132 is 0.0016426234217360616
2019-02-07 18:45:12,624 [DEBUG] Training loss for epoch 133 is 0.0019193172816905366
2019-02-07 18:45:12,625 [DEBUG] Validation loss for epoch 133 is 0.0016354649746790528
2019-02-07 18:46:13,958 [DEBUG] Training loss for epoch 134 is 0.0019144530438996935
2019-02-07 18:46:13,959 [DEBUG] Validation loss for epoch 134 is 0.0016356104845181108
2019-02-07 18:47:14,391 [DEBUG] Training loss for epoch 135 is 0.0019097215225354447
2019-02-07 18:47:14,391 [DEBUG] Validation loss for epoch 135 is 0.0016299110054969787
2019-02-07 18:48:15,879 [DEBUG] Training loss for epoch 136 is 0.001905819519040159
2019-02-07 18:48:15,879 [DEBUG] Validation loss for epoch 136 is 0.0016255222000181675
2019-02-07 18:49:17,068 [DEBUG] Training loss for epoch 137 is 0.0019007717388468967
2019-02-07 18:49:17,068 [DEBUG] Validation loss for epoch 137 is 0.0016213645655661821
2019-02-07 18:50:17,621 [DEBUG] Training loss for epoch 138 is 0.0018965687152553393
2019-02-07 18:50:17,622 [DEBUG] Validation loss for epoch 138 is 0.0016170101836323737
2019-02-07 18:51:18,677 [DEBUG] Training loss for epoch 139 is 0.0018919972771263055
2019-02-07 18:51:18,677 [DEBUG] Validation loss for epoch 139 is 0.001614215741865337
2019-02-07 18:52:19,827 [DEBUG] Training loss for epoch 140 is 0.0018873909010820218
2019-02-07 18:52:19,827 [DEBUG] Validation loss for epoch 140 is 0.001610694327391684
2019-02-07 18:53:21,616 [DEBUG] Training loss for epoch 141 is 0.001883458807843469
2019-02-07 18:53:21,616 [DEBUG] Validation loss for epoch 141 is 0.0016080137602984905
2019-02-07 18:54:22,620 [DEBUG] Training loss for epoch 142 is 0.0018790310017217351
2019-02-07 18:54:22,620 [DEBUG] Validation loss for epoch 142 is 0.0016031831055879594
2019-02-07 18:55:23,204 [DEBUG] Training loss for epoch 143 is 0.0018745631911518252
2019-02-07 18:55:23,204 [DEBUG] Validation loss for epoch 143 is 0.0015991930505260825
2019-02-07 18:56:23,354 [DEBUG] Training loss for epoch 144 is 0.0018704852637161347
2019-02-07 18:56:23,354 [DEBUG] Validation loss for epoch 144 is 0.0015978968171402811
2019-02-07 18:57:23,850 [DEBUG] Training loss for epoch 145 is 0.0018662729696502203
2019-02-07 18:57:23,851 [DEBUG] Validation loss for epoch 145 is 0.0015904073603451251
2019-02-07 18:58:23,887 [DEBUG] Training loss for epoch 146 is 0.001861694724842285
2019-02-07 18:58:23,887 [DEBUG] Validation loss for epoch 146 is 0.001589946709573269
2019-02-07 18:59:24,468 [DEBUG] Training loss for epoch 147 is 0.001857286974055019
2019-02-07 18:59:24,469 [DEBUG] Validation loss for epoch 147 is 0.0015852395705878734
2019-02-07 19:00:24,325 [DEBUG] Training loss for epoch 148 is 0.001853876217402581
2019-02-07 19:00:24,325 [DEBUG] Validation loss for epoch 148 is 0.0015829233266413212
2019-02-07 19:01:25,302 [DEBUG] Training loss for epoch 149 is 0.0018493916966299932
2019-02-07 19:01:25,303 [DEBUG] Validation loss for epoch 149 is 0.0015796452574431896
2019-02-07 19:02:25,338 [DEBUG] Training loss for epoch 150 is 0.001845335880706171
2019-02-07 19:02:25,338 [DEBUG] Validation loss for epoch 150 is 0.001574019955471158
2019-02-07 19:03:25,718 [DEBUG] Training loss for epoch 151 is 0.0018417422285127206
2019-02-07 19:03:25,718 [DEBUG] Validation loss for epoch 151 is 0.0015711149759590627
2019-02-07 19:04:27,601 [DEBUG] Training loss for epoch 152 is 0.0018372563845846317
2019-02-07 19:04:27,602 [DEBUG] Validation loss for epoch 152 is 0.0015690672183409334
2019-02-07 19:05:29,337 [DEBUG] Training loss for epoch 153 is 0.0018328302207739635
2019-02-07 19:05:29,337 [DEBUG] Validation loss for epoch 153 is 0.0015612529627978802
2019-02-07 19:06:31,480 [DEBUG] Training loss for epoch 154 is 0.0018293607547895004
2019-02-07 19:06:31,481 [DEBUG] Validation loss for epoch 154 is 0.0015599473593756556
2019-02-07 19:07:33,886 [DEBUG] Training loss for epoch 155 is 0.0018254066837193855
2019-02-07 19:07:33,886 [DEBUG] Validation loss for epoch 155 is 0.0015554106263443827
2019-02-07 19:08:34,945 [DEBUG] Training loss for epoch 156 is 0.0018212276786805188
2019-02-07 19:08:34,945 [DEBUG] Validation loss for epoch 156 is 0.0015525608053430914
2019-02-07 19:09:36,938 [DEBUG] Training loss for epoch 157 is 0.0018174115079718164
2019-02-07 19:09:36,938 [DEBUG] Validation loss for epoch 157 is 0.0015485209450125693
2019-02-07 19:10:38,902 [DEBUG] Training loss for epoch 158 is 0.0018140474614874054
2019-02-07 19:10:38,902 [DEBUG] Validation loss for epoch 158 is 0.0015443659257143737
2019-02-07 19:11:41,124 [DEBUG] Training loss for epoch 159 is 0.001810000773314071
2019-02-07 19:11:41,125 [DEBUG] Validation loss for epoch 159 is 0.0015425305254757405
2019-02-07 19:12:42,174 [DEBUG] Training loss for epoch 160 is 0.0018060994416733119
2019-02-07 19:12:42,175 [DEBUG] Validation loss for epoch 160 is 0.0015414863619953394
2019-02-07 19:13:43,953 [DEBUG] Training loss for epoch 161 is 0.0018010517020938697
2019-02-07 19:13:43,953 [DEBUG] Validation loss for epoch 161 is 0.0015379283539950848
2019-02-07 19:14:44,406 [DEBUG] Training loss for epoch 162 is 0.001797643085312898
2019-02-07 19:14:44,406 [DEBUG] Validation loss for epoch 162 is 0.0015361199155449867
2019-02-07 19:15:43,825 [DEBUG] Training loss for epoch 163 is 0.001793981482252468
2019-02-07 19:15:43,825 [DEBUG] Validation loss for epoch 163 is 0.001533756984397769
2019-02-07 19:16:43,694 [DEBUG] Training loss for epoch 164 is 0.0017910727043570372
2019-02-07 19:16:43,694 [DEBUG] Validation loss for epoch 164 is 0.001528452013619244
2019-02-07 19:17:43,617 [DEBUG] Training loss for epoch 165 is 0.0017870875992312353
2019-02-07 19:17:43,618 [DEBUG] Validation loss for epoch 165 is 0.0015226804111152887
2019-02-07 19:18:43,958 [DEBUG] Training loss for epoch 166 is 0.0017837060075766265
2019-02-07 19:18:43,959 [DEBUG] Validation loss for epoch 166 is 0.0015204270929098128
2019-02-07 19:19:44,190 [DEBUG] Training loss for epoch 167 is 0.0017801311640213585
2019-02-07 19:19:44,191 [DEBUG] Validation loss for epoch 167 is 0.001518280769698322
2019-02-07 19:20:44,789 [DEBUG] Training loss for epoch 168 is 0.001776485324220332
2019-02-07 19:20:44,790 [DEBUG] Validation loss for epoch 168 is 0.001515161195769906
2019-02-07 19:21:45,878 [DEBUG] Training loss for epoch 169 is 0.001772928847812937
2019-02-07 19:21:45,879 [DEBUG] Validation loss for epoch 169 is 0.0015115889385342598
2019-02-07 19:22:46,691 [DEBUG] Training loss for epoch 170 is 0.0017688887584809804
2019-02-07 19:22:46,692 [DEBUG] Validation loss for epoch 170 is 0.001507725124247372
2019-02-07 19:23:47,371 [DEBUG] Training loss for epoch 171 is 0.001765973485498505
2019-02-07 19:23:47,371 [DEBUG] Validation loss for epoch 171 is 0.0015043645016849041
2019-02-07 19:24:47,010 [DEBUG] Training loss for epoch 172 is 0.0017621345756546527
2019-02-07 19:24:47,011 [DEBUG] Validation loss for epoch 172 is 0.0015034923469647765
2019-02-07 19:25:47,694 [DEBUG] Training loss for epoch 173 is 0.0017590694342237386
2019-02-07 19:25:47,694 [DEBUG] Validation loss for epoch 173 is 0.001500054631382227
2019-02-07 19:26:47,635 [DEBUG] Training loss for epoch 174 is 0.001755166857695407
2019-02-07 19:26:47,635 [DEBUG] Validation loss for epoch 174 is 0.0014964502640068531
2019-02-07 19:27:47,819 [DEBUG] Training loss for epoch 175 is 0.0017518442152738888
2019-02-07 19:27:47,820 [DEBUG] Validation loss for epoch 175 is 0.0014940118435770274
2019-02-07 19:28:47,680 [DEBUG] Training loss for epoch 176 is 0.001748385214500687
2019-02-07 19:28:47,681 [DEBUG] Validation loss for epoch 176 is 0.0014908122951164842
2019-02-07 19:29:48,763 [DEBUG] Training loss for epoch 177 is 0.0017445898727621715
2019-02-07 19:29:48,764 [DEBUG] Validation loss for epoch 177 is 0.0014859109595417976
2019-02-07 19:30:50,914 [DEBUG] Training loss for epoch 178 is 0.0017418526811854083
2019-02-07 19:30:50,914 [DEBUG] Validation loss for epoch 178 is 0.0014848116375505923
2019-02-07 19:31:52,670 [DEBUG] Training loss for epoch 179 is 0.0017377881300017384
2019-02-07 19:31:52,671 [DEBUG] Validation loss for epoch 179 is 0.001481889260932803
2019-02-07 19:32:54,958 [DEBUG] Training loss for epoch 180 is 0.0017350195589051767
2019-02-07 19:32:54,959 [DEBUG] Validation loss for epoch 180 is 0.0014788766885176301
2019-02-07 19:33:56,561 [DEBUG] Training loss for epoch 181 is 0.0017316127685951016
2019-02-07 19:33:56,562 [DEBUG] Validation loss for epoch 181 is 0.001476184225641191
2019-02-07 19:34:58,154 [DEBUG] Training loss for epoch 182 is 0.0017278416866257703
2019-02-07 19:34:58,154 [DEBUG] Validation loss for epoch 182 is 0.0014747501565143466
2019-02-07 19:36:00,134 [DEBUG] Training loss for epoch 183 is 0.0017252157631035536
2019-02-07 19:36:00,135 [DEBUG] Validation loss for epoch 183 is 0.0014687710907310247
2019-02-07 19:37:02,656 [DEBUG] Training loss for epoch 184 is 0.001721704715637932
2019-02-07 19:37:02,656 [DEBUG] Validation loss for epoch 184 is 0.0014680246934294702
2019-02-07 19:38:04,268 [DEBUG] Training loss for epoch 185 is 0.0017181739536979589
2019-02-07 19:38:04,268 [DEBUG] Validation loss for epoch 185 is 0.001464330024085939
2019-02-07 19:39:06,092 [DEBUG] Training loss for epoch 186 is 0.0017152413137856933
2019-02-07 19:39:06,093 [DEBUG] Validation loss for epoch 186 is 0.0014617249881848692
2019-02-07 19:40:08,361 [DEBUG] Training loss for epoch 187 is 0.0017122684706312914
2019-02-07 19:40:08,361 [DEBUG] Validation loss for epoch 187 is 0.001460746981203556
2019-02-07 19:41:10,694 [DEBUG] Training loss for epoch 188 is 0.0017087101789341325
2019-02-07 19:41:10,694 [DEBUG] Validation loss for epoch 188 is 0.0014569967528805137
2019-02-07 19:42:12,650 [DEBUG] Training loss for epoch 189 is 0.0017052014605970895
2019-02-07 19:42:12,651 [DEBUG] Validation loss for epoch 189 is 0.0014585723178461194
2019-02-07 19:43:14,193 [DEBUG] Training loss for epoch 190 is 0.0017023034958434582
2019-02-07 19:43:14,193 [DEBUG] Validation loss for epoch 190 is 0.001452752917073667
2019-02-07 19:44:15,463 [DEBUG] Training loss for epoch 191 is 0.0016985799655868108
2019-02-07 19:44:15,463 [DEBUG] Validation loss for epoch 191 is 0.0014494581324979662
2019-02-07 19:45:17,495 [DEBUG] Training loss for epoch 192 is 0.0016957168017795552
2019-02-07 19:45:17,495 [DEBUG] Validation loss for epoch 192 is 0.0014490607241168618
2019-02-07 19:46:19,391 [DEBUG] Training loss for epoch 193 is 0.0016935703112470185
2019-02-07 19:46:19,392 [DEBUG] Validation loss for epoch 193 is 0.0014455421632155775
2019-02-07 19:47:21,431 [DEBUG] Training loss for epoch 194 is 0.0016905826951855909
2019-02-07 19:47:21,431 [DEBUG] Validation loss for epoch 194 is 0.0014419037466868758
2019-02-07 19:48:23,464 [DEBUG] Training loss for epoch 195 is 0.001686892943952685
2019-02-07 19:48:23,465 [DEBUG] Validation loss for epoch 195 is 0.0014383639814332127
2019-02-07 19:49:24,980 [DEBUG] Training loss for epoch 196 is 0.0016840584576129913
2019-02-07 19:49:24,980 [DEBUG] Validation loss for epoch 196 is 0.0014386547654867171
2019-02-07 19:50:27,100 [DEBUG] Training loss for epoch 197 is 0.0016807892858340158
2019-02-07 19:50:27,100 [DEBUG] Validation loss for epoch 197 is 0.001432148016989231
2019-02-07 19:51:28,587 [DEBUG] Training loss for epoch 198 is 0.0016781920080446758
2019-02-07 19:51:28,588 [DEBUG] Validation loss for epoch 198 is 0.0014311294332146644
2019-02-07 19:52:30,234 [DEBUG] Training loss for epoch 199 is 0.001675709007843266
2019-02-07 19:52:30,235 [DEBUG] Validation loss for epoch 199 is 0.0014299555830657481
2019-02-07 19:53:31,641 [DEBUG] Training loss for epoch 200 is 0.0016724564227812244
2019-02-07 19:53:31,642 [DEBUG] Validation loss for epoch 200 is 0.0014268495934084057
2019-02-07 19:53:31,642 [INFO] Saving training and validation loss history to file...
2019-02-07 19:53:31,966 [INFO] Training completed!
2019-02-07 19:53:31,970 [INFO] Plotting training profile for 200 epochs
2019-02-07 19:53:31,997 [DEBUG] update_title_pos
2019-02-07 19:53:32,011 [DEBUG] findfont: Matching :family=sans-serif:style=normal:variant=normal:weight=normal:stretch=normal:size=10.0 to DejaVu Sans ('/home/miruware/miniconda3/envs/ano/lib/python3.5/site-packages/matplotlib/mpl-data/fonts/ttf/DejaVuSans.ttf') with score of 0.050000.
2019-02-07 19:53:32,074 [DEBUG] update_title_pos
2019-02-07 19:53:32,102 [INFO] Job 3df36c94-5457-4bc3-a8b9-7af636acb134 has finished training.
