2019-04-12 11:57:34,512 [DEBUG] Using GPU 0
2019-04-12 11:57:34,611 [DEBUG] CACHEDIR=/home/miruware/.cache/matplotlib
2019-04-12 11:57:34,613 [DEBUG] Using fontManager instance from /home/miruware/.cache/matplotlib/fontlist-v300.json
2019-04-12 11:57:34,720 [DEBUG] Loaded backend agg version unknown.
2019-04-12 11:57:34,723 [DEBUG] Loading configs from logs/UCSD_ped1/jobs/f5846318-6990-4622-b584-ececf33a54d7/config.yml
2019-04-12 11:57:36,352 [INFO] Compiling model with mse and sgd optimizer
2019-04-12 11:57:36,372 [INFO] Saving model configuration to logs/UCSD_ped1/jobs/f5846318-6990-4622-b584-ececf33a54d7/model.yml
2019-04-12 11:57:36,424 [INFO] Preparing training and testing data
2019-04-12 11:57:36,426 [DEBUG] Step 1/4: Check if mean frame exists for UCSD_ped1
2019-04-12 11:57:36,426 [DEBUG] Step 2/4: Check if training/testing_frames_videoID.npy exists for UCSD_ped1
2019-04-12 11:57:36,426 [INFO] Step 2/4: Subtracting mean frame for UCSD_ped1
2019-04-12 11:59:06,415 [INFO] Preprocessing is completed
2019-04-12 11:59:07,677 [INFO] Initializing training...
2019-04-12 11:59:08,090 [DEBUG] Training started!
2019-04-12 11:59:18,059 [DEBUG] Training loss for epoch 1 is 0.026403853645271085
2019-04-12 11:59:18,060 [DEBUG] Validation loss for epoch 1 is 0.03627737821536321
2019-04-12 11:59:26,704 [DEBUG] Training loss for epoch 2 is 0.013211520601412004
2019-04-12 11:59:26,705 [DEBUG] Validation loss for epoch 2 is 0.020407866334140885
2019-04-12 11:59:34,221 [DEBUG] Training loss for epoch 3 is 0.009233276768358728
2019-04-12 11:59:34,222 [DEBUG] Validation loss for epoch 3 is 0.01559121622430051
2019-04-12 11:59:41,818 [DEBUG] Training loss for epoch 4 is 0.007459057947446731
2019-04-12 11:59:41,819 [DEBUG] Validation loss for epoch 4 is 0.011926211047844559
2019-04-12 11:59:48,983 [DEBUG] Training loss for epoch 5 is 0.0064816564605104056
2019-04-12 11:59:48,984 [DEBUG] Validation loss for epoch 5 is 0.010698890287027347
2019-04-12 11:59:56,814 [DEBUG] Training loss for epoch 6 is 0.005865926406375265
2019-04-12 11:59:56,814 [DEBUG] Validation loss for epoch 6 is 0.009239485270946342
2019-04-12 12:00:04,096 [DEBUG] Training loss for epoch 7 is 0.0054437631576815075
2019-04-12 12:00:04,097 [DEBUG] Validation loss for epoch 7 is 0.008694821158789244
2019-04-12 12:00:11,253 [DEBUG] Training loss for epoch 8 is 0.005132973342682767
2019-04-12 12:00:11,253 [DEBUG] Validation loss for epoch 8 is 0.00814351408888458
2019-04-12 12:00:18,565 [DEBUG] Training loss for epoch 9 is 0.004895655597498879
2019-04-12 12:00:18,566 [DEBUG] Validation loss for epoch 9 is 0.007783263012328569
2019-04-12 12:00:26,726 [DEBUG] Training loss for epoch 10 is 0.0047063248051543135
2019-04-12 12:00:26,726 [DEBUG] Validation loss for epoch 10 is 0.007469793985250826
2019-04-12 12:00:34,697 [DEBUG] Training loss for epoch 11 is 0.004555009891018013
2019-04-12 12:00:34,697 [DEBUG] Validation loss for epoch 11 is 0.006931469566645284
2019-04-12 12:00:42,590 [DEBUG] Training loss for epoch 12 is 0.004426082393805461
2019-04-12 12:00:42,591 [DEBUG] Validation loss for epoch 12 is 0.006774564963016732
2019-04-12 12:00:50,327 [DEBUG] Training loss for epoch 13 is 0.004316456669419488
2019-04-12 12:00:50,327 [DEBUG] Validation loss for epoch 13 is 0.006623631517640224
2019-04-12 12:00:58,227 [DEBUG] Training loss for epoch 14 is 0.004222588871434898
2019-04-12 12:00:58,228 [DEBUG] Validation loss for epoch 14 is 0.006322442166799423
2019-04-12 12:01:06,161 [DEBUG] Training loss for epoch 15 is 0.0041378277189591355
2019-04-12 12:01:06,162 [DEBUG] Validation loss for epoch 15 is 0.006151780856809779
2019-04-12 12:01:14,108 [DEBUG] Training loss for epoch 16 is 0.0040655844100464175
2019-04-12 12:01:14,108 [DEBUG] Validation loss for epoch 16 is 0.0060319124510986545
2019-04-12 12:01:22,098 [DEBUG] Training loss for epoch 17 is 0.004001498831416703
2019-04-12 12:01:22,099 [DEBUG] Validation loss for epoch 17 is 0.005926025158488283
2019-04-12 12:01:30,120 [DEBUG] Training loss for epoch 18 is 0.003945333867375723
2019-04-12 12:01:30,120 [DEBUG] Validation loss for epoch 18 is 0.005805289890507565
2019-04-12 12:01:38,159 [DEBUG] Training loss for epoch 19 is 0.0038908595367492687
2019-04-12 12:01:38,160 [DEBUG] Validation loss for epoch 19 is 0.005682395961975642
2019-04-12 12:01:45,989 [DEBUG] Training loss for epoch 20 is 0.0038408734780900618
2019-04-12 12:01:45,989 [DEBUG] Validation loss for epoch 20 is 0.005646667637697914
2019-04-12 12:01:54,021 [DEBUG] Training loss for epoch 21 is 0.0037976249714082293
2019-04-12 12:01:54,022 [DEBUG] Validation loss for epoch 21 is 0.00548011992108442
2019-04-12 12:02:02,161 [DEBUG] Training loss for epoch 22 is 0.0037572247382240517
2019-04-12 12:02:02,162 [DEBUG] Validation loss for epoch 22 is 0.005385572153746205
2019-04-12 12:02:10,022 [DEBUG] Training loss for epoch 23 is 0.0037212694466603876
2019-04-12 12:02:10,023 [DEBUG] Validation loss for epoch 23 is 0.005385797090061447
2019-04-12 12:02:18,184 [DEBUG] Training loss for epoch 24 is 0.0036848551474485845
2019-04-12 12:02:18,184 [DEBUG] Validation loss for epoch 24 is 0.0053148007239489
2019-04-12 12:02:26,248 [DEBUG] Training loss for epoch 25 is 0.0036531109578752806
2019-04-12 12:02:26,248 [DEBUG] Validation loss for epoch 25 is 0.005226234635155575
2019-04-12 12:02:34,363 [DEBUG] Training loss for epoch 26 is 0.0036238057107042688
2019-04-12 12:02:34,364 [DEBUG] Validation loss for epoch 26 is 0.00513844761413102
2019-04-12 12:02:42,425 [DEBUG] Training loss for epoch 27 is 0.0035948353500514707
2019-04-12 12:02:42,426 [DEBUG] Validation loss for epoch 27 is 0.0050994595576662055
2019-04-12 12:02:50,507 [DEBUG] Training loss for epoch 28 is 0.0035683081366095987
2019-04-12 12:02:50,507 [DEBUG] Validation loss for epoch 28 is 0.005052585188555074
2019-04-12 12:02:58,705 [DEBUG] Training loss for epoch 29 is 0.003544720306760506
2019-04-12 12:02:58,705 [DEBUG] Validation loss for epoch 29 is 0.005039365808753406
2019-04-12 12:03:06,879 [DEBUG] Training loss for epoch 30 is 0.0035197867808869966
2019-04-12 12:03:06,880 [DEBUG] Validation loss for epoch 30 is 0.004974073755974863
2019-04-12 12:03:14,997 [DEBUG] Training loss for epoch 31 is 0.0034998799706438626
2019-04-12 12:03:14,997 [DEBUG] Validation loss for epoch 31 is 0.004902093442083866
2019-04-12 12:03:23,043 [DEBUG] Training loss for epoch 32 is 0.0034777129289716687
2019-04-12 12:03:23,044 [DEBUG] Validation loss for epoch 32 is 0.004854633389771277
2019-04-12 12:03:31,136 [DEBUG] Training loss for epoch 33 is 0.0034583593995848533
2019-04-12 12:03:31,137 [DEBUG] Validation loss for epoch 33 is 0.004827249968680097
2019-04-12 12:03:39,049 [DEBUG] Training loss for epoch 34 is 0.0034389376214940654
2019-04-12 12:03:39,049 [DEBUG] Validation loss for epoch 34 is 0.004786438302264787
2019-04-12 12:03:47,093 [DEBUG] Training loss for epoch 35 is 0.0034218603208545067
2019-04-12 12:03:47,093 [DEBUG] Validation loss for epoch 35 is 0.004726837405606228
2019-04-12 12:03:54,977 [DEBUG] Training loss for epoch 36 is 0.0034030290716891677
2019-04-12 12:03:54,977 [DEBUG] Validation loss for epoch 36 is 0.004730602938170527
2019-04-12 12:04:03,096 [DEBUG] Training loss for epoch 37 is 0.003388508884590699
2019-04-12 12:04:03,096 [DEBUG] Validation loss for epoch 37 is 0.0046952347882895495
2019-04-12 12:04:11,136 [DEBUG] Training loss for epoch 38 is 0.003370776459748718
2019-04-12 12:04:11,137 [DEBUG] Validation loss for epoch 38 is 0.004673307121493945
2019-04-12 12:04:19,004 [DEBUG] Training loss for epoch 39 is 0.0033572014466340568
2019-04-12 12:04:19,005 [DEBUG] Validation loss for epoch 39 is 0.004594539543248567
2019-04-12 12:04:27,216 [DEBUG] Training loss for epoch 40 is 0.003343261371666379
2019-04-12 12:04:27,216 [DEBUG] Validation loss for epoch 40 is 0.004597828465093877
2019-04-12 12:04:35,013 [DEBUG] Training loss for epoch 41 is 0.003328120608243666
2019-04-12 12:04:35,014 [DEBUG] Validation loss for epoch 41 is 0.004584249955437639
2019-04-12 12:04:43,105 [DEBUG] Training loss for epoch 42 is 0.0033176285050371115
2019-04-12 12:04:43,106 [DEBUG] Validation loss for epoch 42 is 0.00454173822175054
2019-04-12 12:04:51,128 [DEBUG] Training loss for epoch 43 is 0.0033047759818448123
2019-04-12 12:04:51,129 [DEBUG] Validation loss for epoch 43 is 0.0045053308217914085
2019-04-12 12:04:58,976 [DEBUG] Training loss for epoch 44 is 0.0032896635963687846
2019-04-12 12:04:58,977 [DEBUG] Validation loss for epoch 44 is 0.0045210205666793915
2019-04-12 12:05:06,990 [DEBUG] Training loss for epoch 45 is 0.0032792908129859136
2019-04-12 12:05:06,990 [DEBUG] Validation loss for epoch 45 is 0.0044450680003958005
2019-04-12 12:05:15,041 [DEBUG] Training loss for epoch 46 is 0.0032676381593937484
2019-04-12 12:05:15,042 [DEBUG] Validation loss for epoch 46 is 0.00444399008764794
2019-04-12 12:05:23,100 [DEBUG] Training loss for epoch 47 is 0.003257376657457294
2019-04-12 12:05:23,101 [DEBUG] Validation loss for epoch 47 is 0.004430576709701734
2019-04-12 12:05:31,132 [DEBUG] Training loss for epoch 48 is 0.003246232151830485
2019-04-12 12:05:31,133 [DEBUG] Validation loss for epoch 48 is 0.004387730349074392
2019-04-12 12:05:39,238 [DEBUG] Training loss for epoch 49 is 0.0032371573227499596
2019-04-12 12:05:39,238 [DEBUG] Validation loss for epoch 49 is 0.004363438221352065
2019-04-12 12:05:47,220 [DEBUG] Training loss for epoch 50 is 0.0032267478297893152
2019-04-12 12:05:47,220 [DEBUG] Validation loss for epoch 50 is 0.004346768583591078
2019-04-12 12:05:54,872 [DEBUG] Training loss for epoch 51 is 0.0032170000611756087
2019-04-12 12:05:54,872 [DEBUG] Validation loss for epoch 51 is 0.004312374373423118
2019-04-12 12:06:02,874 [DEBUG] Training loss for epoch 52 is 0.0032060034913059233
2019-04-12 12:06:02,874 [DEBUG] Validation loss for epoch 52 is 0.004400242211333677
2019-04-12 12:06:10,593 [DEBUG] Training loss for epoch 53 is 0.0031979495928555106
2019-04-12 12:06:10,594 [DEBUG] Validation loss for epoch 53 is 0.004299433548551272
2019-04-12 12:06:18,643 [DEBUG] Training loss for epoch 54 is 0.0031904886789284777
2019-04-12 12:06:18,644 [DEBUG] Validation loss for epoch 54 is 0.004269862109247376
2019-04-12 12:06:26,445 [DEBUG] Training loss for epoch 55 is 0.0031816523796057
2019-04-12 12:06:26,446 [DEBUG] Validation loss for epoch 55 is 0.004261332924715152
2019-04-12 12:06:34,037 [DEBUG] Training loss for epoch 56 is 0.003175590622035793
2019-04-12 12:06:34,037 [DEBUG] Validation loss for epoch 56 is 0.004240395419993529
2019-04-12 12:06:42,122 [DEBUG] Training loss for epoch 57 is 0.003165530120779899
2019-04-12 12:06:42,122 [DEBUG] Validation loss for epoch 57 is 0.004236729050456893
2019-04-12 12:06:49,873 [DEBUG] Training loss for epoch 58 is 0.0031591120598173884
2019-04-12 12:06:49,873 [DEBUG] Validation loss for epoch 58 is 0.004215172041828434
2019-04-12 12:06:58,081 [DEBUG] Training loss for epoch 59 is 0.0031503730271475643
2019-04-12 12:06:58,082 [DEBUG] Validation loss for epoch 59 is 0.004181408835574984
2019-04-12 12:07:06,270 [DEBUG] Training loss for epoch 60 is 0.0031426458609867263
2019-04-12 12:07:06,270 [DEBUG] Validation loss for epoch 60 is 0.00416568233448939
2019-04-12 12:07:14,277 [DEBUG] Training loss for epoch 61 is 0.003137559487539179
2019-04-12 12:07:14,278 [DEBUG] Validation loss for epoch 61 is 0.0041742812330816306
2019-04-12 12:07:22,325 [DEBUG] Training loss for epoch 62 is 0.003128024567221533
2019-04-12 12:07:22,326 [DEBUG] Validation loss for epoch 62 is 0.004175568111788701
2019-04-12 12:07:30,071 [DEBUG] Training loss for epoch 63 is 0.0031228450172061943
2019-04-12 12:07:30,072 [DEBUG] Validation loss for epoch 63 is 0.004165711485799037
2019-04-12 12:07:37,461 [DEBUG] Training loss for epoch 64 is 0.0031168798492273967
2019-04-12 12:07:37,461 [DEBUG] Validation loss for epoch 64 is 0.0041275937055401946
2019-04-12 12:07:45,186 [DEBUG] Training loss for epoch 65 is 0.0031088901537061255
2019-04-12 12:07:45,186 [DEBUG] Validation loss for epoch 65 is 0.004113245150987424
2019-04-12 12:07:52,859 [DEBUG] Training loss for epoch 66 is 0.0031011418982450833
2019-04-12 12:07:52,859 [DEBUG] Validation loss for epoch 66 is 0.004094144438082973
2019-04-12 12:08:00,612 [DEBUG] Training loss for epoch 67 is 0.0030971598938739115
2019-04-12 12:08:00,612 [DEBUG] Validation loss for epoch 67 is 0.004081714762301714
2019-04-12 12:08:08,668 [DEBUG] Training loss for epoch 68 is 0.0030873832822967463
2019-04-12 12:08:08,669 [DEBUG] Validation loss for epoch 68 is 0.004059796034376703
2019-04-12 12:08:16,862 [DEBUG] Training loss for epoch 69 is 0.0030846238234579874
2019-04-12 12:08:16,863 [DEBUG] Validation loss for epoch 69 is 0.004050207131670094
2019-04-12 12:08:24,907 [DEBUG] Training loss for epoch 70 is 0.003076899562604648
2019-04-12 12:08:24,907 [DEBUG] Validation loss for epoch 70 is 0.0040382526449713055
2019-04-12 12:08:33,131 [DEBUG] Training loss for epoch 71 is 0.003072099492056972
2019-04-12 12:08:33,131 [DEBUG] Validation loss for epoch 71 is 0.004054022183203522
2019-04-12 12:08:40,974 [DEBUG] Training loss for epoch 72 is 0.0030677229707422554
2019-04-12 12:08:40,975 [DEBUG] Validation loss for epoch 72 is 0.004025732146064733
2019-04-12 12:08:48,560 [DEBUG] Training loss for epoch 73 is 0.0030612038703035937
2019-04-12 12:08:48,561 [DEBUG] Validation loss for epoch 73 is 0.00403004214898044
2019-04-12 12:08:56,621 [DEBUG] Training loss for epoch 74 is 0.0030567858358490634
2019-04-12 12:08:56,621 [DEBUG] Validation loss for epoch 74 is 0.0040169238112866875
2019-04-12 12:09:04,401 [DEBUG] Training loss for epoch 75 is 0.003052631653136345
2019-04-12 12:09:04,401 [DEBUG] Validation loss for epoch 75 is 0.00398997635872779
2019-04-12 12:09:12,187 [DEBUG] Training loss for epoch 76 is 0.003046574742633166
2019-04-12 12:09:12,188 [DEBUG] Validation loss for epoch 76 is 0.003977897707555516
2019-04-12 12:09:20,177 [DEBUG] Training loss for epoch 77 is 0.003040356180633847
2019-04-12 12:09:20,177 [DEBUG] Validation loss for epoch 77 is 0.003996558542198995
2019-04-12 12:09:27,651 [DEBUG] Training loss for epoch 78 is 0.0030367194766752347
2019-04-12 12:09:27,651 [DEBUG] Validation loss for epoch 78 is 0.003982066796800378
2019-04-12 12:09:35,626 [DEBUG] Training loss for epoch 79 is 0.0030302305580165146
2019-04-12 12:09:35,627 [DEBUG] Validation loss for epoch 79 is 0.00395016744915469
2019-04-12 12:09:42,910 [DEBUG] Training loss for epoch 80 is 0.0030263679466213528
2019-04-12 12:09:42,911 [DEBUG] Validation loss for epoch 80 is 0.003979869927370957
2019-04-12 12:09:51,034 [DEBUG] Training loss for epoch 81 is 0.0030194413735431373
2019-04-12 12:09:51,035 [DEBUG] Validation loss for epoch 81 is 0.003931969097431968
2019-04-12 12:09:58,483 [DEBUG] Training loss for epoch 82 is 0.003016501571983099
2019-04-12 12:09:58,484 [DEBUG] Validation loss for epoch 82 is 0.003997378539768797
2019-04-12 12:10:05,801 [DEBUG] Training loss for epoch 83 is 0.003012478136808763
2019-04-12 12:10:05,801 [DEBUG] Validation loss for epoch 83 is 0.003911830199991955
2019-04-12 12:10:13,124 [DEBUG] Training loss for epoch 84 is 0.0030049790994016046
2019-04-12 12:10:13,124 [DEBUG] Validation loss for epoch 84 is 0.0039160734763843755
2019-04-12 12:10:20,303 [DEBUG] Training loss for epoch 85 is 0.003002035739641495
2019-04-12 12:10:20,303 [DEBUG] Validation loss for epoch 85 is 0.003934137857354739
2019-04-12 12:10:27,312 [DEBUG] Training loss for epoch 86 is 0.0029994380726417764
2019-04-12 12:10:27,313 [DEBUG] Validation loss for epoch 86 is 0.0039025874160157114
2019-04-12 12:10:34,602 [DEBUG] Training loss for epoch 87 is 0.002993968369883959
2019-04-12 12:10:34,602 [DEBUG] Validation loss for epoch 87 is 0.003918770318120426
2019-04-12 12:10:41,711 [DEBUG] Training loss for epoch 88 is 0.0029901122553499617
2019-04-12 12:10:41,711 [DEBUG] Validation loss for epoch 88 is 0.003873278037188392
2019-04-12 12:10:49,327 [DEBUG] Training loss for epoch 89 is 0.0029856802584687214
2019-04-12 12:10:49,328 [DEBUG] Validation loss for epoch 89 is 0.003900720515087539
2019-04-12 12:10:56,590 [DEBUG] Training loss for epoch 90 is 0.0029819236597800336
2019-04-12 12:10:56,590 [DEBUG] Validation loss for epoch 90 is 0.0038577437099507625
2019-04-12 12:11:03,870 [DEBUG] Training loss for epoch 91 is 0.002977500155658355
2019-04-12 12:11:03,870 [DEBUG] Validation loss for epoch 91 is 0.003863323807679847
2019-04-12 12:11:11,072 [DEBUG] Training loss for epoch 92 is 0.002974560118206232
2019-04-12 12:11:11,072 [DEBUG] Validation loss for epoch 92 is 0.0038469703557590645
2019-04-12 12:11:18,373 [DEBUG] Training loss for epoch 93 is 0.0029685014136986336
2019-04-12 12:11:18,373 [DEBUG] Validation loss for epoch 93 is 0.0038507015873477154
2019-04-12 12:11:25,900 [DEBUG] Training loss for epoch 94 is 0.0029661072820914864
2019-04-12 12:11:25,901 [DEBUG] Validation loss for epoch 94 is 0.003839896304313751
2019-04-12 12:11:33,597 [DEBUG] Training loss for epoch 95 is 0.002961763664500008
2019-04-12 12:11:33,597 [DEBUG] Validation loss for epoch 95 is 0.0038118329492635
2019-04-12 12:11:41,164 [DEBUG] Training loss for epoch 96 is 0.0029575666087231626
2019-04-12 12:11:41,164 [DEBUG] Validation loss for epoch 96 is 0.003839346231417913
2019-04-12 12:11:48,913 [DEBUG] Training loss for epoch 97 is 0.0029534727409095294
2019-04-12 12:11:48,914 [DEBUG] Validation loss for epoch 97 is 0.0038093310799084457
2019-04-12 12:11:56,686 [DEBUG] Training loss for epoch 98 is 0.0029487286022442127
2019-04-12 12:11:56,686 [DEBUG] Validation loss for epoch 98 is 0.003831569606657414
2019-04-12 12:12:04,568 [DEBUG] Training loss for epoch 99 is 0.0029472144014463086
2019-04-12 12:12:04,568 [DEBUG] Validation loss for epoch 99 is 0.0038019991698948776
2019-04-12 12:12:12,658 [DEBUG] Training loss for epoch 100 is 0.00294219063140555
2019-04-12 12:12:12,658 [DEBUG] Validation loss for epoch 100 is 0.003806366951332665
2019-04-12 12:12:20,032 [DEBUG] Training loss for epoch 101 is 0.002940670779832094
2019-04-12 12:12:20,032 [DEBUG] Validation loss for epoch 101 is 0.0037822915843742735
2019-04-12 12:12:27,233 [DEBUG] Training loss for epoch 102 is 0.002937087959974076
2019-04-12 12:12:27,233 [DEBUG] Validation loss for epoch 102 is 0.0037681077707412782
2019-04-12 12:12:34,917 [DEBUG] Training loss for epoch 103 is 0.0029329995953423136
2019-04-12 12:12:34,917 [DEBUG] Validation loss for epoch 103 is 0.0037902611846506013
2019-04-12 12:12:42,019 [DEBUG] Training loss for epoch 104 is 0.002928902984477554
2019-04-12 12:12:42,019 [DEBUG] Validation loss for epoch 104 is 0.003766044513231107
2019-04-12 12:12:49,153 [DEBUG] Training loss for epoch 105 is 0.002925150318451509
2019-04-12 12:12:49,153 [DEBUG] Validation loss for epoch 105 is 0.0037670015375695976
2019-04-12 12:12:56,431 [DEBUG] Training loss for epoch 106 is 0.0029229869943589075
2019-04-12 12:12:56,432 [DEBUG] Validation loss for epoch 106 is 0.0037376684711917358
2019-04-12 12:13:03,913 [DEBUG] Training loss for epoch 107 is 0.0029205619283407206
2019-04-12 12:13:03,913 [DEBUG] Validation loss for epoch 107 is 0.003738956490312429
2019-04-12 12:13:11,498 [DEBUG] Training loss for epoch 108 is 0.002916091126244786
2019-04-12 12:13:11,498 [DEBUG] Validation loss for epoch 108 is 0.00372562708844449
2019-04-12 12:13:18,612 [DEBUG] Training loss for epoch 109 is 0.0029132439925699497
2019-04-12 12:13:18,612 [DEBUG] Validation loss for epoch 109 is 0.0037252685064267294
2019-04-12 12:13:25,541 [DEBUG] Training loss for epoch 110 is 0.0029092583296156673
2019-04-12 12:13:25,541 [DEBUG] Validation loss for epoch 110 is 0.003804058472936352
2019-04-12 12:13:32,788 [DEBUG] Training loss for epoch 111 is 0.0029076180285468028
2019-04-12 12:13:32,788 [DEBUG] Validation loss for epoch 111 is 0.003739711185734646
2019-04-12 12:13:40,039 [DEBUG] Training loss for epoch 112 is 0.0029043454821882156
2019-04-12 12:13:40,039 [DEBUG] Validation loss for epoch 112 is 0.0037083550401981556
2019-04-12 12:13:47,492 [DEBUG] Training loss for epoch 113 is 0.0029007926435051907
2019-04-12 12:13:47,492 [DEBUG] Validation loss for epoch 113 is 0.003705817545015438
2019-04-12 12:13:54,901 [DEBUG] Training loss for epoch 114 is 0.0028980573681167045
2019-04-12 12:13:54,902 [DEBUG] Validation loss for epoch 114 is 0.003729724689551136
2019-04-12 12:14:02,200 [DEBUG] Training loss for epoch 115 is 0.0028958422147949262
2019-04-12 12:14:02,200 [DEBUG] Validation loss for epoch 115 is 0.003685263780803949
2019-04-12 12:14:09,303 [DEBUG] Training loss for epoch 116 is 0.002891557356245996
2019-04-12 12:14:09,304 [DEBUG] Validation loss for epoch 116 is 0.00369227931323443
2019-04-12 12:14:16,419 [DEBUG] Training loss for epoch 117 is 0.0028897065827204076
2019-04-12 12:14:16,420 [DEBUG] Validation loss for epoch 117 is 0.003686744037686902
2019-04-12 12:14:23,650 [DEBUG] Training loss for epoch 118 is 0.0028857680756250673
2019-04-12 12:14:23,650 [DEBUG] Validation loss for epoch 118 is 0.0037060472100753994
2019-04-12 12:14:30,828 [DEBUG] Training loss for epoch 119 is 0.0028815927612353565
2019-04-12 12:14:30,828 [DEBUG] Validation loss for epoch 119 is 0.0036942579345229792
2019-04-12 12:14:37,812 [DEBUG] Training loss for epoch 120 is 0.002881261602907754
2019-04-12 12:14:37,812 [DEBUG] Validation loss for epoch 120 is 0.0036806102084251595
2019-04-12 12:14:45,297 [DEBUG] Training loss for epoch 121 is 0.0028769018600620718
2019-04-12 12:14:45,298 [DEBUG] Validation loss for epoch 121 is 0.003652701107785106
2019-04-12 12:14:53,160 [DEBUG] Training loss for epoch 122 is 0.002875590788129601
2019-04-12 12:14:53,160 [DEBUG] Validation loss for epoch 122 is 0.0036455484417577586
2019-04-12 12:15:00,804 [DEBUG] Training loss for epoch 123 is 0.0028720163434073588
2019-04-12 12:15:00,805 [DEBUG] Validation loss for epoch 123 is 0.003646898759967264
2019-04-12 12:15:08,667 [DEBUG] Training loss for epoch 124 is 0.002868348344915569
2019-04-12 12:15:08,668 [DEBUG] Validation loss for epoch 124 is 0.0036631895996191923
2019-04-12 12:15:15,604 [DEBUG] Training loss for epoch 125 is 0.002866613397464981
2019-04-12 12:15:15,605 [DEBUG] Validation loss for epoch 125 is 0.003636216793172792
2019-04-12 12:15:22,899 [DEBUG] Training loss for epoch 126 is 0.002863792564468555
2019-04-12 12:15:22,899 [DEBUG] Validation loss for epoch 126 is 0.003658327172674677
2019-04-12 12:15:30,752 [DEBUG] Training loss for epoch 127 is 0.002862967659999652
2019-04-12 12:15:30,752 [DEBUG] Validation loss for epoch 127 is 0.0036368552750597398
2019-04-12 12:15:37,705 [DEBUG] Training loss for epoch 128 is 0.00285814726647879
2019-04-12 12:15:37,705 [DEBUG] Validation loss for epoch 128 is 0.003638177009427226
2019-04-12 12:15:45,466 [DEBUG] Training loss for epoch 129 is 0.00285605022838423
2019-04-12 12:15:45,466 [DEBUG] Validation loss for epoch 129 is 0.003616880534180239
2019-04-12 12:15:52,713 [DEBUG] Training loss for epoch 130 is 0.0028536139391233764
2019-04-12 12:15:52,713 [DEBUG] Validation loss for epoch 130 is 0.0036106793908402325
2019-04-12 12:15:59,855 [DEBUG] Training loss for epoch 131 is 0.002853333826618314
2019-04-12 12:15:59,856 [DEBUG] Validation loss for epoch 131 is 0.0036084464933796257
2019-04-12 12:16:06,934 [DEBUG] Training loss for epoch 132 is 0.0028496761347093073
2019-04-12 12:16:06,934 [DEBUG] Validation loss for epoch 132 is 0.003603936510854492
2019-04-12 12:16:14,459 [DEBUG] Training loss for epoch 133 is 0.0028482155498942186
2019-04-12 12:16:14,459 [DEBUG] Validation loss for epoch 133 is 0.0036024272423602786
2019-04-12 12:16:22,055 [DEBUG] Training loss for epoch 134 is 0.0028433230438085987
2019-04-12 12:16:22,055 [DEBUG] Validation loss for epoch 134 is 0.003610565475480375
2019-04-12 12:16:29,027 [DEBUG] Training loss for epoch 135 is 0.002842015253418612
2019-04-12 12:16:29,027 [DEBUG] Validation loss for epoch 135 is 0.0035851774851371554
2019-04-12 12:16:36,199 [DEBUG] Training loss for epoch 136 is 0.0028394288721794074
2019-04-12 12:16:36,199 [DEBUG] Validation loss for epoch 136 is 0.0035828674691455327
2019-04-12 12:16:43,385 [DEBUG] Training loss for epoch 137 is 0.0028372837024318717
2019-04-12 12:16:43,385 [DEBUG] Validation loss for epoch 137 is 0.0035768895524133947
2019-04-12 12:16:50,701 [DEBUG] Training loss for epoch 138 is 0.0028347724181790046
2019-04-12 12:16:50,701 [DEBUG] Validation loss for epoch 138 is 0.0035785851493368255
2019-04-12 12:16:58,149 [DEBUG] Training loss for epoch 139 is 0.0028315735429808963
2019-04-12 12:16:58,149 [DEBUG] Validation loss for epoch 139 is 0.0035738919647045285
2019-04-12 12:17:05,550 [DEBUG] Training loss for epoch 140 is 0.002830489590171093
2019-04-12 12:17:05,551 [DEBUG] Validation loss for epoch 140 is 0.003578748821061762
2019-04-12 12:17:12,551 [DEBUG] Training loss for epoch 141 is 0.0028275667810587013
2019-04-12 12:17:12,552 [DEBUG] Validation loss for epoch 141 is 0.003557814674123245
2019-04-12 12:17:20,563 [DEBUG] Training loss for epoch 142 is 0.0028256682669389414
2019-04-12 12:17:20,563 [DEBUG] Validation loss for epoch 142 is 0.0035591052041626446
2019-04-12 12:17:27,582 [DEBUG] Training loss for epoch 143 is 0.0028240308653769506
2019-04-12 12:17:27,582 [DEBUG] Validation loss for epoch 143 is 0.0035571688398097954
2019-04-12 12:17:35,442 [DEBUG] Training loss for epoch 144 is 0.0028203399429761623
2019-04-12 12:17:35,442 [DEBUG] Validation loss for epoch 144 is 0.0035474863373583148
2019-04-12 12:17:42,915 [DEBUG] Training loss for epoch 145 is 0.0028199493630457297
2019-04-12 12:17:42,915 [DEBUG] Validation loss for epoch 145 is 0.0035439054102764703
2019-04-12 12:17:50,239 [DEBUG] Training loss for epoch 146 is 0.0028169777370009664
2019-04-12 12:17:50,239 [DEBUG] Validation loss for epoch 146 is 0.0035413988158289416
2019-04-12 12:17:58,230 [DEBUG] Training loss for epoch 147 is 0.0028147780234928674
2019-04-12 12:17:58,231 [DEBUG] Validation loss for epoch 147 is 0.0035520069853530504
2019-04-12 12:18:06,032 [DEBUG] Training loss for epoch 148 is 0.0028114874428299265
2019-04-12 12:18:06,033 [DEBUG] Validation loss for epoch 148 is 0.00353639894393364
2019-04-12 12:18:13,363 [DEBUG] Training loss for epoch 149 is 0.0028101413828162895
2019-04-12 12:18:13,364 [DEBUG] Validation loss for epoch 149 is 0.0035254148980967846
2019-04-12 12:18:20,827 [DEBUG] Training loss for epoch 150 is 0.002808765355001323
2019-04-12 12:18:20,828 [DEBUG] Validation loss for epoch 150 is 0.003526172890583528
2019-04-12 12:18:29,209 [DEBUG] Training loss for epoch 151 is 0.002805818559982166
2019-04-12 12:18:29,209 [DEBUG] Validation loss for epoch 151 is 0.0035230959039729308
2019-04-12 12:18:37,146 [DEBUG] Training loss for epoch 152 is 0.002803422676264002
2019-04-12 12:18:37,146 [DEBUG] Validation loss for epoch 152 is 0.0035257290628756964
2019-04-12 12:18:45,401 [DEBUG] Training loss for epoch 153 is 0.002801563732558056
2019-04-12 12:18:45,401 [DEBUG] Validation loss for epoch 153 is 0.0035098974538200042
2019-04-12 12:18:53,346 [DEBUG] Training loss for epoch 154 is 0.0027998923469064146
2019-04-12 12:18:53,346 [DEBUG] Validation loss for epoch 154 is 0.0035132245708476093
2019-04-12 12:19:01,084 [DEBUG] Training loss for epoch 155 is 0.002797358998203824
2019-04-12 12:19:01,085 [DEBUG] Validation loss for epoch 155 is 0.003540146295620384
2019-04-12 12:19:08,899 [DEBUG] Training loss for epoch 156 is 0.002794846164378431
2019-04-12 12:19:08,899 [DEBUG] Validation loss for epoch 156 is 0.0035103216278823276
2019-04-12 12:19:16,705 [DEBUG] Training loss for epoch 157 is 0.0027912457104591866
2019-04-12 12:19:16,705 [DEBUG] Validation loss for epoch 157 is 0.0035084862901153518
2019-04-12 12:19:24,404 [DEBUG] Training loss for epoch 158 is 0.0027916526790888766
2019-04-12 12:19:24,405 [DEBUG] Validation loss for epoch 158 is 0.0035062029154277314
2019-04-12 12:19:32,130 [DEBUG] Training loss for epoch 159 is 0.0027879363165968533
2019-04-12 12:19:32,130 [DEBUG] Validation loss for epoch 159 is 0.0035513712088668754
2019-04-12 12:19:39,993 [DEBUG] Training loss for epoch 160 is 0.002788219393543564
2019-04-12 12:19:39,993 [DEBUG] Validation loss for epoch 160 is 0.003488085349546928
2019-04-12 12:19:47,289 [DEBUG] Training loss for epoch 161 is 0.0027860729468528788
2019-04-12 12:19:47,289 [DEBUG] Validation loss for epoch 161 is 0.0034842229133252712
2019-04-12 12:19:55,165 [DEBUG] Training loss for epoch 162 is 0.0027832807711999103
2019-04-12 12:19:55,165 [DEBUG] Validation loss for epoch 162 is 0.003481495990783122
2019-04-12 12:20:02,368 [DEBUG] Training loss for epoch 163 is 0.002782873091188011
2019-04-12 12:20:02,368 [DEBUG] Validation loss for epoch 163 is 0.003475404210735624
2019-04-12 12:20:09,599 [DEBUG] Training loss for epoch 164 is 0.0027791172246671055
2019-04-12 12:20:09,599 [DEBUG] Validation loss for epoch 164 is 0.0034742350744850496
2019-04-12 12:20:17,507 [DEBUG] Training loss for epoch 165 is 0.0027787399159222327
2019-04-12 12:20:17,507 [DEBUG] Validation loss for epoch 165 is 0.0034746079103035086
2019-04-12 12:20:24,813 [DEBUG] Training loss for epoch 166 is 0.0027765071045310853
2019-04-12 12:20:24,813 [DEBUG] Validation loss for epoch 166 is 0.003465623944066465
2019-04-12 12:20:32,581 [DEBUG] Training loss for epoch 167 is 0.0027728692605885254
2019-04-12 12:20:32,581 [DEBUG] Validation loss for epoch 167 is 0.003460161867734118
2019-04-12 12:20:40,427 [DEBUG] Training loss for epoch 168 is 0.002771882100069451
2019-04-12 12:20:40,428 [DEBUG] Validation loss for epoch 168 is 0.003460284545287198
2019-04-12 12:20:47,205 [DEBUG] Training loss for epoch 169 is 0.002771153224947956
2019-04-12 12:20:47,205 [DEBUG] Validation loss for epoch 169 is 0.003454736260898119
2019-04-12 12:20:54,546 [DEBUG] Training loss for epoch 170 is 0.0027695821354868193
2019-04-12 12:20:54,547 [DEBUG] Validation loss for epoch 170 is 0.0034780195425721068
2019-04-12 12:21:01,991 [DEBUG] Training loss for epoch 171 is 0.0027673829698155288
2019-04-12 12:21:01,991 [DEBUG] Validation loss for epoch 171 is 0.003473223540840634
2019-04-12 12:21:09,463 [DEBUG] Training loss for epoch 172 is 0.002765026996653385
2019-04-12 12:21:09,463 [DEBUG] Validation loss for epoch 172 is 0.0034641175179322267
2019-04-12 12:21:17,147 [DEBUG] Training loss for epoch 173 is 0.0027628923416666198
2019-04-12 12:21:17,147 [DEBUG] Validation loss for epoch 173 is 0.0034502088968806407
2019-04-12 12:21:24,545 [DEBUG] Training loss for epoch 174 is 0.0027610330384830496
2019-04-12 12:21:24,545 [DEBUG] Validation loss for epoch 174 is 0.003439203179076168
2019-04-12 12:21:32,323 [DEBUG] Training loss for epoch 175 is 0.0027594177311795498
2019-04-12 12:21:32,323 [DEBUG] Validation loss for epoch 175 is 0.00345142141084972
2019-04-12 12:21:40,105 [DEBUG] Training loss for epoch 176 is 0.002757401122457016
2019-04-12 12:21:40,106 [DEBUG] Validation loss for epoch 176 is 0.0034481016699882115
2019-04-12 12:21:47,907 [DEBUG] Training loss for epoch 177 is 0.002755202198156178
2019-04-12 12:21:47,907 [DEBUG] Validation loss for epoch 177 is 0.003432974922835973
2019-04-12 12:21:55,923 [DEBUG] Training loss for epoch 178 is 0.0027528688788517122
2019-04-12 12:21:55,923 [DEBUG] Validation loss for epoch 178 is 0.003430310950851908
2019-04-12 12:22:03,069 [DEBUG] Training loss for epoch 179 is 0.002750491153023441
2019-04-12 12:22:03,070 [DEBUG] Validation loss for epoch 179 is 0.0034304606983912925
2019-04-12 12:22:10,449 [DEBUG] Training loss for epoch 180 is 0.0027503043094127856
2019-04-12 12:22:10,449 [DEBUG] Validation loss for epoch 180 is 0.0034433012787143096
2019-04-12 12:22:17,813 [DEBUG] Training loss for epoch 181 is 0.0027490606222134147
2019-04-12 12:22:17,813 [DEBUG] Validation loss for epoch 181 is 0.003421336388233684
2019-04-12 12:22:25,167 [DEBUG] Training loss for epoch 182 is 0.002745615013884735
2019-04-12 12:22:25,167 [DEBUG] Validation loss for epoch 182 is 0.003409923853663107
2019-04-12 12:22:32,584 [DEBUG] Training loss for epoch 183 is 0.0027445525586746863
2019-04-12 12:22:32,584 [DEBUG] Validation loss for epoch 183 is 0.003411771366646623
2019-04-12 12:22:40,519 [DEBUG] Training loss for epoch 184 is 0.002743374940755561
2019-04-12 12:22:40,519 [DEBUG] Validation loss for epoch 184 is 0.0034112628330202665
2019-04-12 12:22:47,939 [DEBUG] Training loss for epoch 185 is 0.002740853245669789
2019-04-12 12:22:47,939 [DEBUG] Validation loss for epoch 185 is 0.003406202031171643
2019-04-12 12:22:54,924 [DEBUG] Training loss for epoch 186 is 0.0027405301544003212
2019-04-12 12:22:54,925 [DEBUG] Validation loss for epoch 186 is 0.003406330212658527
2019-04-12 12:23:02,095 [DEBUG] Training loss for epoch 187 is 0.0027379352093438994
2019-04-12 12:23:02,095 [DEBUG] Validation loss for epoch 187 is 0.003397856687432995
2019-04-12 12:23:09,746 [DEBUG] Training loss for epoch 188 is 0.0027352030691932434
2019-04-12 12:23:09,746 [DEBUG] Validation loss for epoch 188 is 0.0033968970092816972
2019-04-12 12:23:16,742 [DEBUG] Training loss for epoch 189 is 0.0027354431403059654
2019-04-12 12:23:16,742 [DEBUG] Validation loss for epoch 189 is 0.0033914041394988697
2019-04-12 12:23:24,061 [DEBUG] Training loss for epoch 190 is 0.002732961413460207
2019-04-12 12:23:24,061 [DEBUG] Validation loss for epoch 190 is 0.003398937091468742
2019-04-12 12:23:31,447 [DEBUG] Training loss for epoch 191 is 0.002732153359645894
2019-04-12 12:23:31,447 [DEBUG] Validation loss for epoch 191 is 0.0034309583405653637
2019-04-12 12:23:38,907 [DEBUG] Training loss for epoch 192 is 0.0027308512156809903
2019-04-12 12:23:38,907 [DEBUG] Validation loss for epoch 192 is 0.0033874015136640154
2019-04-12 12:23:46,604 [DEBUG] Training loss for epoch 193 is 0.0027294734236703714
2019-04-12 12:23:46,604 [DEBUG] Validation loss for epoch 193 is 0.0033855046168444498
2019-04-12 12:23:53,979 [DEBUG] Training loss for epoch 194 is 0.0027284344621196026
2019-04-12 12:23:53,979 [DEBUG] Validation loss for epoch 194 is 0.0033781036131960503
2019-04-12 12:24:01,531 [DEBUG] Training loss for epoch 195 is 0.0027251332112069155
2019-04-12 12:24:01,532 [DEBUG] Validation loss for epoch 195 is 0.003387838351887231
2019-04-12 12:24:08,341 [DEBUG] Training loss for epoch 196 is 0.002724107589321308
2019-04-12 12:24:08,341 [DEBUG] Validation loss for epoch 196 is 0.0033735834751460773
2019-04-12 12:24:16,018 [DEBUG] Training loss for epoch 197 is 0.002722745052471138
2019-04-12 12:24:16,019 [DEBUG] Validation loss for epoch 197 is 0.0034099503529860693
2019-04-12 12:24:24,049 [DEBUG] Training loss for epoch 198 is 0.0027198695713028984
2019-04-12 12:24:24,050 [DEBUG] Validation loss for epoch 198 is 0.003373464465816962
2019-04-12 12:24:31,531 [DEBUG] Training loss for epoch 199 is 0.002719876718317452
2019-04-12 12:24:31,532 [DEBUG] Validation loss for epoch 199 is 0.0033675481542470116
2019-04-12 12:24:39,204 [DEBUG] Training loss for epoch 200 is 0.0027172675404607423
2019-04-12 12:24:39,204 [DEBUG] Validation loss for epoch 200 is 0.003359830649295712
2019-04-12 12:24:47,329 [DEBUG] Training loss for epoch 201 is 0.002715633268174828
2019-04-12 12:24:47,329 [DEBUG] Validation loss for epoch 201 is 0.0033732786231363814
2019-04-12 12:24:55,228 [DEBUG] Training loss for epoch 202 is 0.0027141740437674378
2019-04-12 12:24:55,228 [DEBUG] Validation loss for epoch 202 is 0.0033739943920141633
2019-04-12 12:25:02,836 [DEBUG] Training loss for epoch 203 is 0.00271282542583929
2019-04-12 12:25:02,836 [DEBUG] Validation loss for epoch 203 is 0.0033547043325562105
2019-04-12 12:25:09,786 [DEBUG] Training loss for epoch 204 is 0.002710788110818933
2019-04-12 12:25:09,786 [DEBUG] Validation loss for epoch 204 is 0.003347783020295787
2019-04-12 12:25:17,503 [DEBUG] Training loss for epoch 205 is 0.002708542286208911
2019-04-12 12:25:17,503 [DEBUG] Validation loss for epoch 205 is 0.0033505807247231987
2019-04-12 12:25:25,416 [DEBUG] Training loss for epoch 206 is 0.0027081751451540777
2019-04-12 12:25:25,417 [DEBUG] Validation loss for epoch 206 is 0.0033488233861349087
2019-04-12 12:25:32,677 [DEBUG] Training loss for epoch 207 is 0.0027065009078507192
2019-04-12 12:25:32,678 [DEBUG] Validation loss for epoch 207 is 0.003348207165596678
2019-04-12 12:25:40,012 [DEBUG] Training loss for epoch 208 is 0.002704583962728305
2019-04-12 12:25:40,012 [DEBUG] Validation loss for epoch 208 is 0.003342453298597213
2019-04-12 12:25:47,000 [DEBUG] Training loss for epoch 209 is 0.0027038946296620123
2019-04-12 12:25:47,000 [DEBUG] Validation loss for epoch 209 is 0.003345080667777973
2019-04-12 12:25:54,734 [DEBUG] Training loss for epoch 210 is 0.0027014118596705187
2019-04-12 12:25:54,735 [DEBUG] Validation loss for epoch 210 is 0.003361634231245547
2019-04-12 12:26:01,889 [DEBUG] Training loss for epoch 211 is 0.002701517309877493
2019-04-12 12:26:01,889 [DEBUG] Validation loss for epoch 211 is 0.0033329870880526653
2019-04-12 12:26:09,058 [DEBUG] Training loss for epoch 212 is 0.002699112743751555
2019-04-12 12:26:09,059 [DEBUG] Validation loss for epoch 212 is 0.0033297910250029436
2019-04-12 12:26:16,295 [DEBUG] Training loss for epoch 213 is 0.002696483789952826
2019-04-12 12:26:16,295 [DEBUG] Validation loss for epoch 213 is 0.0033283903834172616
2019-04-12 12:26:23,841 [DEBUG] Training loss for epoch 214 is 0.0026957626702669994
2019-04-12 12:26:23,841 [DEBUG] Validation loss for epoch 214 is 0.0033271143267698147
2019-04-12 12:26:31,245 [DEBUG] Training loss for epoch 215 is 0.0026935157287144022
2019-04-12 12:26:31,245 [DEBUG] Validation loss for epoch 215 is 0.003320775901917003
2019-04-12 12:26:38,574 [DEBUG] Training loss for epoch 216 is 0.002692717627644745
2019-04-12 12:26:38,575 [DEBUG] Validation loss for epoch 216 is 0.0033314292990219065
2019-04-12 12:26:45,785 [DEBUG] Training loss for epoch 217 is 0.0026921165003328485
2019-04-12 12:26:45,785 [DEBUG] Validation loss for epoch 217 is 0.003348931045654942
2019-04-12 12:26:52,802 [DEBUG] Training loss for epoch 218 is 0.0026912920505684965
2019-04-12 12:26:52,803 [DEBUG] Validation loss for epoch 218 is 0.003320470463721922
2019-04-12 12:27:00,392 [DEBUG] Training loss for epoch 219 is 0.0026887167283820446
2019-04-12 12:27:00,392 [DEBUG] Validation loss for epoch 219 is 0.0033127926198729114
2019-04-12 12:27:08,041 [DEBUG] Training loss for epoch 220 is 0.002688148497220348
2019-04-12 12:27:08,041 [DEBUG] Validation loss for epoch 220 is 0.0033236195205473434
2019-04-12 12:27:15,764 [DEBUG] Training loss for epoch 221 is 0.0026852460984127745
2019-04-12 12:27:15,764 [DEBUG] Validation loss for epoch 221 is 0.003324316090940699
2019-04-12 12:27:23,434 [DEBUG] Training loss for epoch 222 is 0.002684766834659766
2019-04-12 12:27:23,434 [DEBUG] Validation loss for epoch 222 is 0.0033279917088757252
2019-04-12 12:27:31,007 [DEBUG] Training loss for epoch 223 is 0.00268314527863295
2019-04-12 12:27:31,008 [DEBUG] Validation loss for epoch 223 is 0.003306008833825734
2019-04-12 12:27:38,118 [DEBUG] Training loss for epoch 224 is 0.0026819431226197824
2019-04-12 12:27:38,118 [DEBUG] Validation loss for epoch 224 is 0.003300458158128986
2019-04-12 12:27:45,359 [DEBUG] Training loss for epoch 225 is 0.0026812870392195595
2019-04-12 12:27:45,359 [DEBUG] Validation loss for epoch 225 is 0.003297861871839154
2019-04-12 12:27:52,725 [DEBUG] Training loss for epoch 226 is 0.0026793805444065262
2019-04-12 12:27:52,725 [DEBUG] Validation loss for epoch 226 is 0.003307666715380608
2019-04-12 12:28:00,401 [DEBUG] Training loss for epoch 227 is 0.0026779043465646494
2019-04-12 12:28:00,401 [DEBUG] Validation loss for epoch 227 is 0.003311140453169013
2019-04-12 12:28:07,635 [DEBUG] Training loss for epoch 228 is 0.0026763937919429635
2019-04-12 12:28:07,636 [DEBUG] Validation loss for epoch 228 is 0.003304739907730882
2019-04-12 12:28:14,968 [DEBUG] Training loss for epoch 229 is 0.002675349381349491
2019-04-12 12:28:14,969 [DEBUG] Validation loss for epoch 229 is 0.0032914775638274996
2019-04-12 12:28:22,103 [DEBUG] Training loss for epoch 230 is 0.002673372738127787
2019-04-12 12:28:22,103 [DEBUG] Validation loss for epoch 230 is 0.0033080973009597145
2019-04-12 12:28:30,366 [DEBUG] Training loss for epoch 231 is 0.002672038512839372
2019-04-12 12:28:30,367 [DEBUG] Validation loss for epoch 231 is 0.0032950898426968387
2019-04-12 12:28:38,277 [DEBUG] Training loss for epoch 232 is 0.002671417631176671
2019-04-12 12:28:38,278 [DEBUG] Validation loss for epoch 232 is 0.003301527051656854
2019-04-12 12:28:46,331 [DEBUG] Training loss for epoch 233 is 0.002668261454540553
2019-04-12 12:28:46,332 [DEBUG] Validation loss for epoch 233 is 0.0032791906077524317
2019-04-12 12:28:54,155 [DEBUG] Training loss for epoch 234 is 0.002667428963015236
2019-04-12 12:28:54,155 [DEBUG] Validation loss for epoch 234 is 0.003280071709213742
2019-04-12 12:29:01,719 [DEBUG] Training loss for epoch 235 is 0.0026664332182156276
2019-04-12 12:29:01,720 [DEBUG] Validation loss for epoch 235 is 0.0032713134079148955
2019-04-12 12:29:08,944 [DEBUG] Training loss for epoch 236 is 0.002664863450330228
2019-04-12 12:29:08,944 [DEBUG] Validation loss for epoch 236 is 0.0032682132231546383
2019-04-12 12:29:16,435 [DEBUG] Training loss for epoch 237 is 0.0026651169005845864
2019-04-12 12:29:16,435 [DEBUG] Validation loss for epoch 237 is 0.0032680110343932815
2019-04-12 12:29:24,278 [DEBUG] Training loss for epoch 238 is 0.00266240585231219
2019-04-12 12:29:24,278 [DEBUG] Validation loss for epoch 238 is 0.0033203511097121474
2019-04-12 12:29:31,491 [DEBUG] Training loss for epoch 239 is 0.002661576442852307
2019-04-12 12:29:31,491 [DEBUG] Validation loss for epoch 239 is 0.003264241588904577
2019-04-12 12:29:39,184 [DEBUG] Training loss for epoch 240 is 0.0026604195222078102
2019-04-12 12:29:39,184 [DEBUG] Validation loss for epoch 240 is 0.0032825695291417195
2019-04-12 12:29:47,212 [DEBUG] Training loss for epoch 241 is 0.0026600374567892827
2019-04-12 12:29:47,213 [DEBUG] Validation loss for epoch 241 is 0.003265544665776485
2019-04-12 12:29:55,223 [DEBUG] Training loss for epoch 242 is 0.002656183511850176
2019-04-12 12:29:55,223 [DEBUG] Validation loss for epoch 242 is 0.003267704087364323
2019-04-12 12:30:02,814 [DEBUG] Training loss for epoch 243 is 0.0026561457858739943
2019-04-12 12:30:02,815 [DEBUG] Validation loss for epoch 243 is 0.003257312796845594
2019-04-12 12:30:10,475 [DEBUG] Training loss for epoch 244 is 0.0026553206345562705
2019-04-12 12:30:10,476 [DEBUG] Validation loss for epoch 244 is 0.0032557566097809695
2019-04-12 12:30:18,127 [DEBUG] Training loss for epoch 245 is 0.002654130010669052
2019-04-12 12:30:18,127 [DEBUG] Validation loss for epoch 245 is 0.003256113659681789
2019-04-12 12:30:25,984 [DEBUG] Training loss for epoch 246 is 0.0026520022798561618
2019-04-12 12:30:25,984 [DEBUG] Validation loss for epoch 246 is 0.003271849716867448
2019-04-12 12:30:33,171 [DEBUG] Training loss for epoch 247 is 0.002651266275283117
2019-04-12 12:30:33,171 [DEBUG] Validation loss for epoch 247 is 0.0032505054410327883
2019-04-12 12:30:40,601 [DEBUG] Training loss for epoch 248 is 0.0026491957180085996
2019-04-12 12:30:40,601 [DEBUG] Validation loss for epoch 248 is 0.003250476596055224
2019-04-12 12:30:48,415 [DEBUG] Training loss for epoch 249 is 0.00264915829994893
2019-04-12 12:30:48,415 [DEBUG] Validation loss for epoch 249 is 0.00324877495375261
2019-04-12 12:30:55,332 [DEBUG] Training loss for epoch 250 is 0.0026464071450271616
2019-04-12 12:30:55,332 [DEBUG] Validation loss for epoch 250 is 0.0032795901907900094
2019-04-12 12:31:02,588 [DEBUG] Training loss for epoch 251 is 0.0026448341848644523
2019-04-12 12:31:02,588 [DEBUG] Validation loss for epoch 251 is 0.003242378888706512
2019-04-12 12:31:10,044 [DEBUG] Training loss for epoch 252 is 0.002643894333598626
2019-04-12 12:31:10,045 [DEBUG] Validation loss for epoch 252 is 0.0033248812832193924
2019-04-12 12:31:17,330 [DEBUG] Training loss for epoch 253 is 0.002643337025013865
2019-04-12 12:31:17,330 [DEBUG] Validation loss for epoch 253 is 0.0032352830707917317
2019-04-12 12:31:24,594 [DEBUG] Training loss for epoch 254 is 0.002642534186928227
2019-04-12 12:31:24,594 [DEBUG] Validation loss for epoch 254 is 0.0032334923164407704
2019-04-12 12:31:32,676 [DEBUG] Training loss for epoch 255 is 0.002641211123814787
2019-04-12 12:31:32,676 [DEBUG] Validation loss for epoch 255 is 0.003246967542423483
2019-04-12 12:31:39,938 [DEBUG] Training loss for epoch 256 is 0.0026382083282725415
2019-04-12 12:31:39,939 [DEBUG] Validation loss for epoch 256 is 0.003233225808442369
2019-04-12 12:31:47,469 [DEBUG] Training loss for epoch 257 is 0.0026377846944471337
2019-04-12 12:31:47,469 [DEBUG] Validation loss for epoch 257 is 0.0032424984919820344
2019-04-12 12:31:55,192 [DEBUG] Training loss for epoch 258 is 0.0026360124008001752
2019-04-12 12:31:55,192 [DEBUG] Validation loss for epoch 258 is 0.0032579961762416597
2019-04-12 12:32:02,398 [DEBUG] Training loss for epoch 259 is 0.002636330587963435
2019-04-12 12:32:02,398 [DEBUG] Validation loss for epoch 259 is 0.0032362094664873152
2019-04-12 12:32:09,723 [DEBUG] Training loss for epoch 260 is 0.0026354347684365864
2019-04-12 12:32:09,723 [DEBUG] Validation loss for epoch 260 is 0.003223814967307536
2019-04-12 12:32:17,322 [DEBUG] Training loss for epoch 261 is 0.0026339620720775584
2019-04-12 12:32:17,322 [DEBUG] Validation loss for epoch 261 is 0.0032207955711283814
2019-04-12 12:32:24,486 [DEBUG] Training loss for epoch 262 is 0.0026320177546112597
2019-04-12 12:32:24,487 [DEBUG] Validation loss for epoch 262 is 0.0032186896919145012
2019-04-12 12:32:31,681 [DEBUG] Training loss for epoch 263 is 0.0026309164890304052
2019-04-12 12:32:31,681 [DEBUG] Validation loss for epoch 263 is 0.003220555267077597
2019-04-12 12:32:38,834 [DEBUG] Training loss for epoch 264 is 0.002628845944968423
2019-04-12 12:32:38,834 [DEBUG] Validation loss for epoch 264 is 0.00322655572135951
2019-04-12 12:32:46,398 [DEBUG] Training loss for epoch 265 is 0.0026274753383209344
2019-04-12 12:32:46,399 [DEBUG] Validation loss for epoch 265 is 0.0032172314918545238
2019-04-12 12:32:53,787 [DEBUG] Training loss for epoch 266 is 0.002627709897067462
2019-04-12 12:32:53,788 [DEBUG] Validation loss for epoch 266 is 0.0032196780771711
2019-04-12 12:33:01,031 [DEBUG] Training loss for epoch 267 is 0.0026263983942774547
2019-04-12 12:33:01,031 [DEBUG] Validation loss for epoch 267 is 0.003217016553104508
2019-04-12 12:33:08,147 [DEBUG] Training loss for epoch 268 is 0.0026243315403797637
2019-04-12 12:33:08,148 [DEBUG] Validation loss for epoch 268 is 0.003209068494228025
2019-04-12 12:33:15,371 [DEBUG] Training loss for epoch 269 is 0.0026236577678123768
2019-04-12 12:33:15,371 [DEBUG] Validation loss for epoch 269 is 0.0032033848580812997
2019-04-12 12:33:22,477 [DEBUG] Training loss for epoch 270 is 0.0026237154508389816
2019-04-12 12:33:22,477 [DEBUG] Validation loss for epoch 270 is 0.0032160783446777393
2019-04-12 12:33:30,458 [DEBUG] Training loss for epoch 271 is 0.0026212999735762297
2019-04-12 12:33:30,458 [DEBUG] Validation loss for epoch 271 is 0.003221366677305424
2019-04-12 12:33:37,867 [DEBUG] Training loss for epoch 272 is 0.0026216431321079963
2019-04-12 12:33:37,868 [DEBUG] Validation loss for epoch 272 is 0.0032224626613634767
2019-04-12 12:33:45,658 [DEBUG] Training loss for epoch 273 is 0.0026179461382252124
2019-04-12 12:33:45,659 [DEBUG] Validation loss for epoch 273 is 0.0032000516344994016
2019-04-12 12:33:53,365 [DEBUG] Training loss for epoch 274 is 0.002618808372294253
2019-04-12 12:33:53,365 [DEBUG] Validation loss for epoch 274 is 0.003205949481229718
2019-04-12 12:34:00,674 [DEBUG] Training loss for epoch 275 is 0.0026165939052186418
2019-04-12 12:34:00,674 [DEBUG] Validation loss for epoch 275 is 0.0031957906885437815
2019-04-12 12:34:08,454 [DEBUG] Training loss for epoch 276 is 0.0026164738791688608
2019-04-12 12:34:08,454 [DEBUG] Validation loss for epoch 276 is 0.0031950915939923303
2019-04-12 12:34:16,108 [DEBUG] Training loss for epoch 277 is 0.0026150069916524173
2019-04-12 12:34:16,108 [DEBUG] Validation loss for epoch 277 is 0.0031946678458731254
2019-04-12 12:34:23,929 [DEBUG] Training loss for epoch 278 is 0.0026127568840864515
2019-04-12 12:34:23,929 [DEBUG] Validation loss for epoch 278 is 0.003186674228431109
2019-04-12 12:34:31,125 [DEBUG] Training loss for epoch 279 is 0.0026119370126265347
2019-04-12 12:34:31,125 [DEBUG] Validation loss for epoch 279 is 0.0032184995272580316
2019-04-12 12:34:38,397 [DEBUG] Training loss for epoch 280 is 0.002609895606393117
2019-04-12 12:34:38,397 [DEBUG] Validation loss for epoch 280 is 0.003186707133335956
2019-04-12 12:34:46,065 [DEBUG] Training loss for epoch 281 is 0.0026100611008033413
2019-04-12 12:34:46,065 [DEBUG] Validation loss for epoch 281 is 0.0031836480701196135
2019-04-12 12:34:53,584 [DEBUG] Training loss for epoch 282 is 0.00260929728191101
2019-04-12 12:34:53,584 [DEBUG] Validation loss for epoch 282 is 0.0031926285005265884
2019-04-12 12:35:00,882 [DEBUG] Training loss for epoch 283 is 0.0026080430511088728
2019-04-12 12:35:00,883 [DEBUG] Validation loss for epoch 283 is 0.003195792305575428
2019-04-12 12:35:08,156 [DEBUG] Training loss for epoch 284 is 0.002606445000503715
2019-04-12 12:35:08,157 [DEBUG] Validation loss for epoch 284 is 0.0031912919795871074
2019-04-12 12:35:15,882 [DEBUG] Training loss for epoch 285 is 0.0026059795432050543
2019-04-12 12:35:15,882 [DEBUG] Validation loss for epoch 285 is 0.0032057458187873455
2019-04-12 12:35:23,268 [DEBUG] Training loss for epoch 286 is 0.0026048178368837777
2019-04-12 12:35:23,268 [DEBUG] Validation loss for epoch 286 is 0.0031770808937247185
2019-04-12 12:35:30,105 [DEBUG] Training loss for epoch 287 is 0.0026034110699454808
2019-04-12 12:35:30,105 [DEBUG] Validation loss for epoch 287 is 0.0031949748230331084
2019-04-12 12:35:36,992 [DEBUG] Training loss for epoch 288 is 0.0026032549611076867
2019-04-12 12:35:36,992 [DEBUG] Validation loss for epoch 288 is 0.0031733299404674885
2019-04-12 12:35:44,219 [DEBUG] Training loss for epoch 289 is 0.002600886324858841
2019-04-12 12:35:44,219 [DEBUG] Validation loss for epoch 289 is 0.0031810408252674867
2019-04-12 12:35:51,862 [DEBUG] Training loss for epoch 290 is 0.0025995030314387643
2019-04-12 12:35:51,862 [DEBUG] Validation loss for epoch 290 is 0.0031676734783960617
2019-04-12 12:35:59,472 [DEBUG] Training loss for epoch 291 is 0.00259890157993638
2019-04-12 12:35:59,472 [DEBUG] Validation loss for epoch 291 is 0.003170049965253794
2019-04-12 12:36:06,741 [DEBUG] Training loss for epoch 292 is 0.0025971724651753904
2019-04-12 12:36:06,741 [DEBUG] Validation loss for epoch 292 is 0.0031683539515178576
2019-04-12 12:36:13,999 [DEBUG] Training loss for epoch 293 is 0.002596789140860102
2019-04-12 12:36:13,999 [DEBUG] Validation loss for epoch 293 is 0.0031657749508489288
2019-04-12 12:36:21,516 [DEBUG] Training loss for epoch 294 is 0.0025961017132991324
2019-04-12 12:36:21,516 [DEBUG] Validation loss for epoch 294 is 0.003159243074318796
2019-04-12 12:36:29,430 [DEBUG] Training loss for epoch 295 is 0.0025941499264002053
2019-04-12 12:36:29,430 [DEBUG] Validation loss for epoch 295 is 0.0031642360471225545
2019-04-12 12:36:37,031 [DEBUG] Training loss for epoch 296 is 0.0025931291607656486
2019-04-12 12:36:37,031 [DEBUG] Validation loss for epoch 296 is 0.003169583749738248
2019-04-12 12:36:44,866 [DEBUG] Training loss for epoch 297 is 0.0025923957334425315
2019-04-12 12:36:44,866 [DEBUG] Validation loss for epoch 297 is 0.003163563861858611
2019-04-12 12:36:52,305 [DEBUG] Training loss for epoch 298 is 0.0025914630032495747
2019-04-12 12:36:52,305 [DEBUG] Validation loss for epoch 298 is 0.003159384206211304
2019-04-12 12:37:00,043 [DEBUG] Training loss for epoch 299 is 0.0025890589216369555
2019-04-12 12:37:00,044 [DEBUG] Validation loss for epoch 299 is 0.003174181432262355
2019-04-12 12:37:00,044 [INFO] Saving training and validation loss history to file...
2019-04-12 12:37:00,046 [INFO] Training completed!
2019-04-12 12:37:00,049 [INFO] Plotting training profile for 299 epochs
2019-04-12 12:37:00,081 [DEBUG] update_title_pos
2019-04-12 12:37:00,093 [DEBUG] findfont: Matching :family=sans-serif:style=normal:variant=normal:weight=normal:stretch=normal:size=10.0 to DejaVu Sans ('/home/miruware/miniconda3/envs/ano/lib/python3.5/site-packages/matplotlib/mpl-data/fonts/ttf/DejaVuSans.ttf') with score of 0.050000.
2019-04-12 12:37:00,156 [DEBUG] update_title_pos
2019-04-12 12:37:00,184 [INFO] Job f5846318-6990-4622-b584-ececf33a54d7 has finished training.
