2019-05-26 16:09:19,460 [DEBUG] Using GPU 0
2019-05-26 16:09:19,515 [DEBUG] CACHEDIR=/home/miruware/.cache/matplotlib
2019-05-26 16:09:19,516 [DEBUG] Using fontManager instance from /home/miruware/.cache/matplotlib/fontlist-v300.json
2019-05-26 16:09:19,593 [DEBUG] Loaded backend agg version unknown.
2019-05-26 16:09:19,595 [DEBUG] Loading configs from logs/cuhk/jobs/c51f37de-9c2c-4941-b881-5029044a4564/config.yml
2019-05-26 16:09:21,117 [INFO] Compiling model with mse and sgd optimizer
2019-05-26 16:09:21,138 [INFO] Saving model configuration to logs/cuhk/jobs/c51f37de-9c2c-4941-b881-5029044a4564/model.yml
2019-05-26 16:09:21,185 [INFO] Preparing training and testing data
2019-05-26 16:09:21,187 [DEBUG] Step 1/4: Check if mean frame exists for cuhk
2019-05-26 16:09:21,187 [DEBUG] Step 2/4: Check if training/testing_frames_videoID.npy exists for cuhk
2019-05-26 16:09:21,187 [INFO] Step 2/4: Subtracting mean frame for cuhk
2019-05-26 16:11:12,824 [INFO] Preprocessing is completed
2019-05-26 16:11:15,613 [INFO] Initializing training...
2019-05-26 16:11:15,887 [DEBUG] Training started!
2019-05-26 16:11:35,800 [DEBUG] Training loss for epoch 1 is 0.01748723678866256
2019-05-26 16:11:35,801 [DEBUG] Validation loss for epoch 1 is 0.01045788950800157
2019-05-26 16:11:53,037 [DEBUG] Training loss for epoch 2 is 0.006831175765781243
2019-05-26 16:11:53,037 [DEBUG] Validation loss for epoch 2 is 0.005455283058074589
2019-05-26 16:12:11,187 [DEBUG] Training loss for epoch 3 is 0.004602041748909684
2019-05-26 16:12:11,188 [DEBUG] Validation loss for epoch 3 is 0.00367720904975731
2019-05-26 16:12:28,622 [DEBUG] Training loss for epoch 4 is 0.0036441349718203857
2019-05-26 16:12:28,622 [DEBUG] Validation loss for epoch 4 is 0.0030421230722393715
2019-05-26 16:12:45,891 [DEBUG] Training loss for epoch 5 is 0.0031246857751735663
2019-05-26 16:12:45,891 [DEBUG] Validation loss for epoch 5 is 0.0024650575072472382
2019-05-26 16:13:03,308 [DEBUG] Training loss for epoch 6 is 0.0027931530053721706
2019-05-26 16:13:03,309 [DEBUG] Validation loss for epoch 6 is 0.0022961721829681207
2019-05-26 16:13:21,322 [DEBUG] Training loss for epoch 7 is 0.0025627401350101003
2019-05-26 16:13:21,322 [DEBUG] Validation loss for epoch 7 is 0.0020924803090998046
2019-05-26 16:13:39,481 [DEBUG] Training loss for epoch 8 is 0.002396239339029336
2019-05-26 16:13:39,482 [DEBUG] Validation loss for epoch 8 is 0.001968766993521643
2019-05-26 16:13:56,848 [DEBUG] Training loss for epoch 9 is 0.0022639388558710768
2019-05-26 16:13:56,849 [DEBUG] Validation loss for epoch 9 is 0.001824230800348772
2019-05-26 16:14:13,819 [DEBUG] Training loss for epoch 10 is 0.0021582230297209674
2019-05-26 16:14:13,819 [DEBUG] Validation loss for epoch 10 is 0.0016601542179489148
2019-05-26 16:14:31,431 [DEBUG] Training loss for epoch 11 is 0.002072049184231283
2019-05-26 16:14:31,431 [DEBUG] Validation loss for epoch 11 is 0.0016203851176915473
2019-05-26 16:14:48,790 [DEBUG] Training loss for epoch 12 is 0.001996477976490904
2019-05-26 16:14:48,791 [DEBUG] Validation loss for epoch 12 is 0.0015085546609800399
2019-05-26 16:15:06,719 [DEBUG] Training loss for epoch 13 is 0.0019332597640488382
2019-05-26 16:15:06,719 [DEBUG] Validation loss for epoch 13 is 0.001523464733679443
2019-05-26 16:15:24,424 [DEBUG] Training loss for epoch 14 is 0.0018789394044845475
2019-05-26 16:15:24,424 [DEBUG] Validation loss for epoch 14 is 0.0014814430848827168
2019-05-26 16:15:41,992 [DEBUG] Training loss for epoch 15 is 0.0018286736351058866
2019-05-26 16:15:41,992 [DEBUG] Validation loss for epoch 15 is 0.0013767030003218775
2019-05-26 16:15:59,781 [DEBUG] Training loss for epoch 16 is 0.0017843888728095417
2019-05-26 16:15:59,782 [DEBUG] Validation loss for epoch 16 is 0.0013304741887451045
2019-05-26 16:16:17,489 [DEBUG] Training loss for epoch 17 is 0.0017457264162602472
2019-05-26 16:16:17,490 [DEBUG] Validation loss for epoch 17 is 0.0013151993138645153
2019-05-26 16:16:35,189 [DEBUG] Training loss for epoch 18 is 0.0017084745851472503
2019-05-26 16:16:35,189 [DEBUG] Validation loss for epoch 18 is 0.0012490292002592146
2019-05-26 16:16:53,212 [DEBUG] Training loss for epoch 19 is 0.0016760487511626133
2019-05-26 16:16:53,212 [DEBUG] Validation loss for epoch 19 is 0.0012256969702785466
2019-05-26 16:17:11,263 [DEBUG] Training loss for epoch 20 is 0.0016452342767125326
2019-05-26 16:17:11,263 [DEBUG] Validation loss for epoch 20 is 0.0012270395976776197
2019-05-26 16:17:28,582 [DEBUG] Training loss for epoch 21 is 0.0016162893228272963
2019-05-26 16:17:28,582 [DEBUG] Validation loss for epoch 21 is 0.0011858569068709038
2019-05-26 16:17:47,563 [DEBUG] Training loss for epoch 22 is 0.0015886966297627796
2019-05-26 16:17:47,563 [DEBUG] Validation loss for epoch 22 is 0.0011327744542699446
2019-05-26 16:18:06,315 [DEBUG] Training loss for epoch 23 is 0.0015671680596493194
2019-05-26 16:18:06,316 [DEBUG] Validation loss for epoch 23 is 0.001144672176100202
2019-05-26 16:18:25,174 [DEBUG] Training loss for epoch 24 is 0.0015413232680002741
2019-05-26 16:18:25,174 [DEBUG] Validation loss for epoch 24 is 0.0011060939561356945
2019-05-26 16:18:43,938 [DEBUG] Training loss for epoch 25 is 0.0015222160327355368
2019-05-26 16:18:43,938 [DEBUG] Validation loss for epoch 25 is 0.0011254804755183787
2019-05-26 16:19:03,045 [DEBUG] Training loss for epoch 26 is 0.0015012687808321947
2019-05-26 16:19:03,045 [DEBUG] Validation loss for epoch 26 is 0.0010729166275085923
2019-05-26 16:19:22,184 [DEBUG] Training loss for epoch 27 is 0.0014828582913635317
2019-05-26 16:19:22,184 [DEBUG] Validation loss for epoch 27 is 0.0010413365892395232
2019-05-26 16:19:40,843 [DEBUG] Training loss for epoch 28 is 0.0014637790872221574
2019-05-26 16:19:40,843 [DEBUG] Validation loss for epoch 28 is 0.0010602391787864808
2019-05-26 16:19:59,671 [DEBUG] Training loss for epoch 29 is 0.001446485730783403
2019-05-26 16:19:59,671 [DEBUG] Validation loss for epoch 29 is 0.0010361916585160153
2019-05-26 16:20:18,451 [DEBUG] Training loss for epoch 30 is 0.0014302266022534363
2019-05-26 16:20:18,451 [DEBUG] Validation loss for epoch 30 is 0.0010088147137305575
2019-05-26 16:20:36,715 [DEBUG] Training loss for epoch 31 is 0.001414083330153014
2019-05-26 16:20:36,716 [DEBUG] Validation loss for epoch 31 is 0.0010030587488270213
2019-05-26 16:20:54,694 [DEBUG] Training loss for epoch 32 is 0.0013987478282163777
2019-05-26 16:20:54,695 [DEBUG] Validation loss for epoch 32 is 0.0010217085086715646
2019-05-26 16:21:12,568 [DEBUG] Training loss for epoch 33 is 0.0013852320125802278
2019-05-26 16:21:12,568 [DEBUG] Validation loss for epoch 33 is 0.0009767965536120495
2019-05-26 16:21:30,189 [DEBUG] Training loss for epoch 34 is 0.0013726096825263732
2019-05-26 16:21:30,190 [DEBUG] Validation loss for epoch 34 is 0.0009519586552071779
2019-05-26 16:21:48,208 [DEBUG] Training loss for epoch 35 is 0.0013603383321547462
2019-05-26 16:21:48,209 [DEBUG] Validation loss for epoch 35 is 0.0009604796526278628
2019-05-26 16:22:05,712 [DEBUG] Training loss for epoch 36 is 0.0013482107354137853
2019-05-26 16:22:05,712 [DEBUG] Validation loss for epoch 36 is 0.0009347675030258838
2019-05-26 16:22:22,323 [DEBUG] Training loss for epoch 37 is 0.0013347713391735111
2019-05-26 16:22:22,324 [DEBUG] Validation loss for epoch 37 is 0.000922953288571451
2019-05-26 16:22:39,272 [DEBUG] Training loss for epoch 38 is 0.001323598435852975
2019-05-26 16:22:39,273 [DEBUG] Validation loss for epoch 38 is 0.0009103475295891772
2019-05-26 16:22:56,347 [DEBUG] Training loss for epoch 39 is 0.0013127422060377264
2019-05-26 16:22:56,348 [DEBUG] Validation loss for epoch 39 is 0.0009059305867409262
2019-05-26 16:23:14,118 [DEBUG] Training loss for epoch 40 is 0.0013000361020106392
2019-05-26 16:23:14,119 [DEBUG] Validation loss for epoch 40 is 0.0009611953281969395
2019-05-26 16:23:32,122 [DEBUG] Training loss for epoch 41 is 0.0012917509251419237
2019-05-26 16:23:32,123 [DEBUG] Validation loss for epoch 41 is 0.0008797217792660041
2019-05-26 16:23:49,825 [DEBUG] Training loss for epoch 42 is 0.0012800227714531748
2019-05-26 16:23:49,826 [DEBUG] Validation loss for epoch 42 is 0.0008691755498653741
2019-05-26 16:24:07,816 [DEBUG] Training loss for epoch 43 is 0.0012701171909028591
2019-05-26 16:24:07,816 [DEBUG] Validation loss for epoch 43 is 0.0008737386704895789
2019-05-26 16:24:25,374 [DEBUG] Training loss for epoch 44 is 0.00126218304088252
2019-05-26 16:24:25,374 [DEBUG] Validation loss for epoch 44 is 0.0008649724283980403
2019-05-26 16:24:43,051 [DEBUG] Training loss for epoch 45 is 0.0012531864278801084
2019-05-26 16:24:43,057 [DEBUG] Validation loss for epoch 45 is 0.0008477672150608246
2019-05-26 16:25:00,962 [DEBUG] Training loss for epoch 46 is 0.0012428339299346502
2019-05-26 16:25:00,963 [DEBUG] Validation loss for epoch 46 is 0.0008435399919767747
2019-05-26 16:25:17,888 [DEBUG] Training loss for epoch 47 is 0.0012332734261964338
2019-05-26 16:25:17,888 [DEBUG] Validation loss for epoch 47 is 0.0008362584983318223
2019-05-26 16:25:35,248 [DEBUG] Training loss for epoch 48 is 0.001224519629332949
2019-05-26 16:25:35,248 [DEBUG] Validation loss for epoch 48 is 0.0008347524181634081
2019-05-26 16:25:52,747 [DEBUG] Training loss for epoch 49 is 0.0012198520630331933
2019-05-26 16:25:52,748 [DEBUG] Validation loss for epoch 49 is 0.0008209180546665063
2019-05-26 16:26:10,553 [DEBUG] Training loss for epoch 50 is 0.0012093240168965507
2019-05-26 16:26:10,554 [DEBUG] Validation loss for epoch 50 is 0.000813422212810046
2019-05-26 16:26:27,992 [DEBUG] Training loss for epoch 51 is 0.0012037948432930337
2019-05-26 16:26:27,993 [DEBUG] Validation loss for epoch 51 is 0.000810227077545456
2019-05-26 16:26:45,994 [DEBUG] Training loss for epoch 52 is 0.0011930350232129616
2019-05-26 16:26:45,994 [DEBUG] Validation loss for epoch 52 is 0.0007981129749438106
2019-05-26 16:27:04,046 [DEBUG] Training loss for epoch 53 is 0.001187397259425161
2019-05-26 16:27:04,046 [DEBUG] Validation loss for epoch 53 is 0.0007996184513169059
2019-05-26 16:27:21,804 [DEBUG] Training loss for epoch 54 is 0.00118168147606722
2019-05-26 16:27:21,804 [DEBUG] Validation loss for epoch 54 is 0.0008108170850148372
2019-05-26 16:27:39,277 [DEBUG] Training loss for epoch 55 is 0.0011724454390150596
2019-05-26 16:27:39,277 [DEBUG] Validation loss for epoch 55 is 0.0007782681338308016
2019-05-26 16:27:56,954 [DEBUG] Training loss for epoch 56 is 0.001166024112386884
2019-05-26 16:27:56,954 [DEBUG] Validation loss for epoch 56 is 0.0007898955047692537
2019-05-26 16:28:14,693 [DEBUG] Training loss for epoch 57 is 0.0011615218008549247
2019-05-26 16:28:14,693 [DEBUG] Validation loss for epoch 57 is 0.000781607511210324
2019-05-26 16:28:31,940 [DEBUG] Training loss for epoch 58 is 0.0011533545001674716
2019-05-26 16:28:31,940 [DEBUG] Validation loss for epoch 58 is 0.0008007064773819597
2019-05-26 16:28:49,011 [DEBUG] Training loss for epoch 59 is 0.0011500908007974096
2019-05-26 16:28:49,011 [DEBUG] Validation loss for epoch 59 is 0.0007550867050913492
2019-05-26 16:29:06,681 [DEBUG] Training loss for epoch 60 is 0.0011420765524785379
2019-05-26 16:29:06,681 [DEBUG] Validation loss for epoch 60 is 0.0007797135396320458
2019-05-26 16:29:24,481 [DEBUG] Training loss for epoch 61 is 0.0011364561258582057
2019-05-26 16:29:24,482 [DEBUG] Validation loss for epoch 61 is 0.0007516019391755599
2019-05-26 16:29:41,615 [DEBUG] Training loss for epoch 62 is 0.0011319553822589164
2019-05-26 16:29:41,615 [DEBUG] Validation loss for epoch 62 is 0.0007532749827984606
2019-05-26 16:29:58,832 [DEBUG] Training loss for epoch 63 is 0.0011247546317908305
2019-05-26 16:29:58,832 [DEBUG] Validation loss for epoch 63 is 0.0007606390853784857
2019-05-26 16:30:15,244 [DEBUG] Training loss for epoch 64 is 0.0011202192360535567
2019-05-26 16:30:15,244 [DEBUG] Validation loss for epoch 64 is 0.0007416075412202225
2019-05-26 16:30:32,671 [DEBUG] Training loss for epoch 65 is 0.001114966981879312
2019-05-26 16:30:32,672 [DEBUG] Validation loss for epoch 65 is 0.0007709200316748478
2019-05-26 16:30:50,109 [DEBUG] Training loss for epoch 66 is 0.0011105029487533061
2019-05-26 16:30:50,109 [DEBUG] Validation loss for epoch 66 is 0.0007365394751368174
2019-05-26 16:31:07,758 [DEBUG] Training loss for epoch 67 is 0.0011066156656515808
2019-05-26 16:31:07,758 [DEBUG] Validation loss for epoch 67 is 0.0007441299200858083
2019-05-26 16:31:24,817 [DEBUG] Training loss for epoch 68 is 0.0010984516316186925
2019-05-26 16:31:24,817 [DEBUG] Validation loss for epoch 68 is 0.0007164190428477906
2019-05-26 16:31:42,017 [DEBUG] Training loss for epoch 69 is 0.0010935061619703782
2019-05-26 16:31:42,017 [DEBUG] Validation loss for epoch 69 is 0.0007153829855164567
2019-05-26 16:31:58,657 [DEBUG] Training loss for epoch 70 is 0.001090043667877645
2019-05-26 16:31:58,657 [DEBUG] Validation loss for epoch 70 is 0.0007141896796006337
2019-05-26 16:32:15,530 [DEBUG] Training loss for epoch 71 is 0.0010861296999574927
2019-05-26 16:32:15,531 [DEBUG] Validation loss for epoch 71 is 0.0007382054473832371
2019-05-26 16:32:31,498 [DEBUG] Training loss for epoch 72 is 0.001080796431200623
2019-05-26 16:32:31,498 [DEBUG] Validation loss for epoch 72 is 0.0006971254248283828
2019-05-26 16:32:48,648 [DEBUG] Training loss for epoch 73 is 0.0010774383516259135
2019-05-26 16:32:48,648 [DEBUG] Validation loss for epoch 73 is 0.000693423785977017
2019-05-26 16:33:06,509 [DEBUG] Training loss for epoch 74 is 0.0010727259584776528
2019-05-26 16:33:06,509 [DEBUG] Validation loss for epoch 74 is 0.0006997034120581806
2019-05-26 16:33:23,930 [DEBUG] Training loss for epoch 75 is 0.0010665230774063185
2019-05-26 16:33:23,930 [DEBUG] Validation loss for epoch 75 is 0.0006881729506860764
2019-05-26 16:33:41,366 [DEBUG] Training loss for epoch 76 is 0.0010634106783077237
2019-05-26 16:33:41,366 [DEBUG] Validation loss for epoch 76 is 0.0006797028976505949
2019-05-26 16:33:57,947 [DEBUG] Training loss for epoch 77 is 0.001059803118970433
2019-05-26 16:33:57,947 [DEBUG] Validation loss for epoch 77 is 0.0006847153134891291
2019-05-26 16:34:15,507 [DEBUG] Training loss for epoch 78 is 0.0010570152685669913
2019-05-26 16:34:15,508 [DEBUG] Validation loss for epoch 78 is 0.0006757244942433384
2019-05-26 16:34:33,147 [DEBUG] Training loss for epoch 79 is 0.0010520930455071276
2019-05-26 16:34:33,147 [DEBUG] Validation loss for epoch 79 is 0.0006711082916116902
2019-05-26 16:34:50,669 [DEBUG] Training loss for epoch 80 is 0.0010467422782608888
2019-05-26 16:34:50,670 [DEBUG] Validation loss for epoch 80 is 0.0006692633572728929
2019-05-26 16:35:07,796 [DEBUG] Training loss for epoch 81 is 0.0010455058472865382
2019-05-26 16:35:07,796 [DEBUG] Validation loss for epoch 81 is 0.0006760179798895783
2019-05-26 16:35:25,016 [DEBUG] Training loss for epoch 82 is 0.0010411988397455018
2019-05-26 16:35:25,016 [DEBUG] Validation loss for epoch 82 is 0.0006736456820545675
2019-05-26 16:35:41,583 [DEBUG] Training loss for epoch 83 is 0.0010351699306349335
2019-05-26 16:35:41,583 [DEBUG] Validation loss for epoch 83 is 0.0006604362951241682
2019-05-26 16:35:58,899 [DEBUG] Training loss for epoch 84 is 0.0010339615733360153
2019-05-26 16:35:58,899 [DEBUG] Validation loss for epoch 84 is 0.0006822537505040547
2019-05-26 16:36:16,651 [DEBUG] Training loss for epoch 85 is 0.0010284320322390815
2019-05-26 16:36:16,651 [DEBUG] Validation loss for epoch 85 is 0.0006688104418685948
2019-05-26 16:36:34,256 [DEBUG] Training loss for epoch 86 is 0.0010268639539122517
2019-05-26 16:36:34,256 [DEBUG] Validation loss for epoch 86 is 0.0006547662380074903
2019-05-26 16:36:51,954 [DEBUG] Training loss for epoch 87 is 0.0010224075086119817
2019-05-26 16:36:51,955 [DEBUG] Validation loss for epoch 87 is 0.0006480740074345336
2019-05-26 16:37:09,324 [DEBUG] Training loss for epoch 88 is 0.001018873846648731
2019-05-26 16:37:09,324 [DEBUG] Validation loss for epoch 88 is 0.0006442596310134843
2019-05-26 16:37:26,913 [DEBUG] Training loss for epoch 89 is 0.0010173264548935627
2019-05-26 16:37:26,913 [DEBUG] Validation loss for epoch 89 is 0.0006391602305653496
2019-05-26 16:37:44,636 [DEBUG] Training loss for epoch 90 is 0.00101157034288325
2019-05-26 16:37:44,636 [DEBUG] Validation loss for epoch 90 is 0.0006483643014556246
2019-05-26 16:38:02,257 [DEBUG] Training loss for epoch 91 is 0.0010094147179651866
2019-05-26 16:38:02,257 [DEBUG] Validation loss for epoch 91 is 0.000635942507083227
2019-05-26 16:38:18,961 [DEBUG] Training loss for epoch 92 is 0.0010061304116590626
2019-05-26 16:38:18,961 [DEBUG] Validation loss for epoch 92 is 0.0006438205816004782
2019-05-26 16:38:35,646 [DEBUG] Training loss for epoch 93 is 0.0010038995202954315
2019-05-26 16:38:35,647 [DEBUG] Validation loss for epoch 93 is 0.0006406004922598144
2019-05-26 16:38:52,769 [DEBUG] Training loss for epoch 94 is 0.0010008415301409226
2019-05-26 16:38:52,770 [DEBUG] Validation loss for epoch 94 is 0.0006400527237320351
2019-05-26 16:39:09,674 [DEBUG] Training loss for epoch 95 is 0.0009958921308536402
2019-05-26 16:39:09,674 [DEBUG] Validation loss for epoch 95 is 0.0006265653594152787
2019-05-26 16:39:27,511 [DEBUG] Training loss for epoch 96 is 0.0009943186431353639
2019-05-26 16:39:27,511 [DEBUG] Validation loss for epoch 96 is 0.0006211669126477528
2019-05-26 16:39:45,213 [DEBUG] Training loss for epoch 97 is 0.0009924295172695319
2019-05-26 16:39:45,213 [DEBUG] Validation loss for epoch 97 is 0.0006337147461224909
2019-05-26 16:40:02,810 [DEBUG] Training loss for epoch 98 is 0.0009899966770324621
2019-05-26 16:40:02,810 [DEBUG] Validation loss for epoch 98 is 0.0006161517033351018
2019-05-26 16:40:20,418 [DEBUG] Training loss for epoch 99 is 0.0009875730399288149
2019-05-26 16:40:20,419 [DEBUG] Validation loss for epoch 99 is 0.0006451524565295868
2019-05-26 16:40:37,534 [DEBUG] Training loss for epoch 100 is 0.0009813210261800944
2019-05-26 16:40:37,534 [DEBUG] Validation loss for epoch 100 is 0.0006212987944247433
2019-05-26 16:40:54,718 [DEBUG] Training loss for epoch 101 is 0.0009823251097169745
2019-05-26 16:40:54,719 [DEBUG] Validation loss for epoch 101 is 0.00061753118670116
2019-05-26 16:41:12,607 [DEBUG] Training loss for epoch 102 is 0.000976958233882711
2019-05-26 16:41:12,608 [DEBUG] Validation loss for epoch 102 is 0.0006143557293090267
2019-05-26 16:41:29,910 [DEBUG] Training loss for epoch 103 is 0.0009763159014549227
2019-05-26 16:41:29,911 [DEBUG] Validation loss for epoch 103 is 0.0006287692887623493
2019-05-26 16:41:47,525 [DEBUG] Training loss for epoch 104 is 0.0009728014224999247
2019-05-26 16:41:47,525 [DEBUG] Validation loss for epoch 104 is 0.0006037455875929555
2019-05-26 16:42:04,744 [DEBUG] Training loss for epoch 105 is 0.0009697299311302093
2019-05-26 16:42:04,745 [DEBUG] Validation loss for epoch 105 is 0.000607864695395521
2019-05-26 16:42:22,628 [DEBUG] Training loss for epoch 106 is 0.0009668569173838544
2019-05-26 16:42:22,628 [DEBUG] Validation loss for epoch 106 is 0.0006143855938638712
2019-05-26 16:42:40,485 [DEBUG] Training loss for epoch 107 is 0.0009668135008297871
2019-05-26 16:42:40,486 [DEBUG] Validation loss for epoch 107 is 0.0005999995650774001
2019-05-26 16:42:58,797 [DEBUG] Training loss for epoch 108 is 0.0009611073781017234
2019-05-26 16:42:58,797 [DEBUG] Validation loss for epoch 108 is 0.0006184328473656058
2019-05-26 16:43:16,121 [DEBUG] Training loss for epoch 109 is 0.0009619958260962614
2019-05-26 16:43:16,121 [DEBUG] Validation loss for epoch 109 is 0.0005924313024870459
2019-05-26 16:43:33,754 [DEBUG] Training loss for epoch 110 is 0.0009567644758870917
2019-05-26 16:43:33,754 [DEBUG] Validation loss for epoch 110 is 0.0006014021852862306
2019-05-26 16:43:51,785 [DEBUG] Training loss for epoch 111 is 0.000956282112162601
2019-05-26 16:43:51,786 [DEBUG] Validation loss for epoch 111 is 0.0006144159326232017
2019-05-26 16:44:09,578 [DEBUG] Training loss for epoch 112 is 0.0009534695682104764
2019-05-26 16:44:09,578 [DEBUG] Validation loss for epoch 112 is 0.0005849085644765988
2019-05-26 16:44:27,363 [DEBUG] Training loss for epoch 113 is 0.0009510357640864416
2019-05-26 16:44:27,363 [DEBUG] Validation loss for epoch 113 is 0.0005849346728337503
2019-05-26 16:44:45,221 [DEBUG] Training loss for epoch 114 is 0.0009472546905316832
2019-05-26 16:44:45,221 [DEBUG] Validation loss for epoch 114 is 0.0005847179880763653
2019-05-26 16:45:02,672 [DEBUG] Training loss for epoch 115 is 0.0009444817435110295
2019-05-26 16:45:02,672 [DEBUG] Validation loss for epoch 115 is 0.0005892483431412137
2019-05-26 16:45:20,367 [DEBUG] Training loss for epoch 116 is 0.0009432804711411255
2019-05-26 16:45:20,367 [DEBUG] Validation loss for epoch 116 is 0.0005880582418362018
2019-05-26 16:45:37,628 [DEBUG] Training loss for epoch 117 is 0.0009412552979363874
2019-05-26 16:45:37,628 [DEBUG] Validation loss for epoch 117 is 0.0005794627779842016
2019-05-26 16:45:54,849 [DEBUG] Training loss for epoch 118 is 0.0009379455136310518
2019-05-26 16:45:54,850 [DEBUG] Validation loss for epoch 118 is 0.0005794155344367635
2019-05-26 16:46:12,636 [DEBUG] Training loss for epoch 119 is 0.0009350888233027576
2019-05-26 16:46:12,636 [DEBUG] Validation loss for epoch 119 is 0.0005744639628421605
2019-05-26 16:46:30,503 [DEBUG] Training loss for epoch 120 is 0.0009349885821344594
2019-05-26 16:46:30,503 [DEBUG] Validation loss for epoch 120 is 0.0005874389095143193
2019-05-26 16:46:48,563 [DEBUG] Training loss for epoch 121 is 0.000932978814582627
2019-05-26 16:46:48,564 [DEBUG] Validation loss for epoch 121 is 0.0005700009748863939
2019-05-26 16:47:06,168 [DEBUG] Training loss for epoch 122 is 0.0009270732010514349
2019-05-26 16:47:06,168 [DEBUG] Validation loss for epoch 122 is 0.0005768637128984732
2019-05-26 16:47:23,283 [DEBUG] Training loss for epoch 123 is 0.0009291776528434933
2019-05-26 16:47:23,283 [DEBUG] Validation loss for epoch 123 is 0.0005700887884140933
2019-05-26 16:47:40,538 [DEBUG] Training loss for epoch 124 is 0.0009254336271974585
2019-05-26 16:47:40,539 [DEBUG] Validation loss for epoch 124 is 0.000564040842378574
2019-05-26 16:47:58,173 [DEBUG] Training loss for epoch 125 is 0.0009260540917921946
2019-05-26 16:47:58,174 [DEBUG] Validation loss for epoch 125 is 0.000579540322321198
2019-05-26 16:48:15,697 [DEBUG] Training loss for epoch 126 is 0.0009234011901779211
2019-05-26 16:48:15,698 [DEBUG] Validation loss for epoch 126 is 0.0005673374509103524
2019-05-26 16:48:32,406 [DEBUG] Training loss for epoch 127 is 0.0009208164045146965
2019-05-26 16:48:32,406 [DEBUG] Validation loss for epoch 127 is 0.0005628560251748919
2019-05-26 16:48:48,846 [DEBUG] Training loss for epoch 128 is 0.0009189164364158128
2019-05-26 16:48:48,846 [DEBUG] Validation loss for epoch 128 is 0.0005582983792223041
2019-05-26 16:49:05,395 [DEBUG] Training loss for epoch 129 is 0.0009160592879644604
2019-05-26 16:49:05,395 [DEBUG] Validation loss for epoch 129 is 0.0005721801542069468
2019-05-26 16:49:21,382 [DEBUG] Training loss for epoch 130 is 0.0009136187172829169
2019-05-26 16:49:21,382 [DEBUG] Validation loss for epoch 130 is 0.000557814983051727
2019-05-26 16:49:39,090 [DEBUG] Training loss for epoch 131 is 0.0009116023065005233
2019-05-26 16:49:39,090 [DEBUG] Validation loss for epoch 131 is 0.0005563312565995318
2019-05-26 16:49:56,694 [DEBUG] Training loss for epoch 132 is 0.0009091208177416498
2019-05-26 16:49:56,695 [DEBUG] Validation loss for epoch 132 is 0.0005561336438309472
2019-05-26 16:50:13,864 [DEBUG] Training loss for epoch 133 is 0.0009082300031988782
2019-05-26 16:50:13,864 [DEBUG] Validation loss for epoch 133 is 0.0005517613077192979
2019-05-26 16:50:30,157 [DEBUG] Training loss for epoch 134 is 0.0009074160316548883
2019-05-26 16:50:30,157 [DEBUG] Validation loss for epoch 134 is 0.0005603524450296555
2019-05-26 16:50:48,077 [DEBUG] Training loss for epoch 135 is 0.0009043782662273382
2019-05-26 16:50:48,077 [DEBUG] Validation loss for epoch 135 is 0.000547112107305166
2019-05-26 16:51:05,795 [DEBUG] Training loss for epoch 136 is 0.0009032768020807391
2019-05-26 16:51:05,795 [DEBUG] Validation loss for epoch 136 is 0.0005469750806999704
2019-05-26 16:51:23,164 [DEBUG] Training loss for epoch 137 is 0.0009001007011389477
2019-05-26 16:51:23,164 [DEBUG] Validation loss for epoch 137 is 0.0005641572533718469
2019-05-26 16:51:40,403 [DEBUG] Training loss for epoch 138 is 0.0009004768034413031
2019-05-26 16:51:40,404 [DEBUG] Validation loss for epoch 138 is 0.0005538413837319391
2019-05-26 16:51:58,214 [DEBUG] Training loss for epoch 139 is 0.000898045806709496
2019-05-26 16:51:58,215 [DEBUG] Validation loss for epoch 139 is 0.0005690266905396214
2019-05-26 16:52:15,650 [DEBUG] Training loss for epoch 140 is 0.0008956150979399401
2019-05-26 16:52:15,651 [DEBUG] Validation loss for epoch 140 is 0.0005440952567901859
2019-05-26 16:52:33,181 [DEBUG] Training loss for epoch 141 is 0.0008937352926861795
2019-05-26 16:52:33,181 [DEBUG] Validation loss for epoch 141 is 0.0005435525216113603
2019-05-26 16:52:49,732 [DEBUG] Training loss for epoch 142 is 0.0008924747400811844
2019-05-26 16:52:49,732 [DEBUG] Validation loss for epoch 142 is 0.0005404173357191083
2019-05-26 16:53:07,081 [DEBUG] Training loss for epoch 143 is 0.0008903585974071761
2019-05-26 16:53:07,082 [DEBUG] Validation loss for epoch 143 is 0.000538787899088705
2019-05-26 16:53:23,273 [DEBUG] Training loss for epoch 144 is 0.0008895552493451834
2019-05-26 16:53:23,274 [DEBUG] Validation loss for epoch 144 is 0.0005406545350888218
2019-05-26 16:53:39,985 [DEBUG] Training loss for epoch 145 is 0.0008882724274727002
2019-05-26 16:53:39,986 [DEBUG] Validation loss for epoch 145 is 0.0005408982410346537
2019-05-26 16:53:56,988 [DEBUG] Training loss for epoch 146 is 0.0008859065529136763
2019-05-26 16:53:56,989 [DEBUG] Validation loss for epoch 146 is 0.0005562400911762747
2019-05-26 16:54:14,937 [DEBUG] Training loss for epoch 147 is 0.0008837229235693532
2019-05-26 16:54:14,937 [DEBUG] Validation loss for epoch 147 is 0.0005361870098971462
2019-05-26 16:54:32,662 [DEBUG] Training loss for epoch 148 is 0.0008798078269275585
2019-05-26 16:54:32,662 [DEBUG] Validation loss for epoch 148 is 0.0005385059895906999
2019-05-26 16:54:50,036 [DEBUG] Training loss for epoch 149 is 0.0008799210599394398
2019-05-26 16:54:50,036 [DEBUG] Validation loss for epoch 149 is 0.0005416748808701119
2019-05-26 16:55:06,586 [DEBUG] Training loss for epoch 150 is 0.0008793518736641328
2019-05-26 16:55:06,587 [DEBUG] Validation loss for epoch 150 is 0.0005306660643288475
2019-05-26 16:55:23,766 [DEBUG] Training loss for epoch 151 is 0.0008750263969015948
2019-05-26 16:55:23,766 [DEBUG] Validation loss for epoch 151 is 0.0005469636169802313
2019-05-26 16:55:41,457 [DEBUG] Training loss for epoch 152 is 0.0008751315810690148
2019-05-26 16:55:41,458 [DEBUG] Validation loss for epoch 152 is 0.0005248614376689084
2019-05-26 16:55:59,454 [DEBUG] Training loss for epoch 153 is 0.000870565528018469
2019-05-26 16:55:59,455 [DEBUG] Validation loss for epoch 153 is 0.0005980140636040205
2019-05-26 16:56:17,267 [DEBUG] Training loss for epoch 154 is 0.0008725090687146616
2019-05-26 16:56:17,267 [DEBUG] Validation loss for epoch 154 is 0.0005234639176738006
2019-05-26 16:56:34,925 [DEBUG] Training loss for epoch 155 is 0.0008698182983981372
2019-05-26 16:56:34,926 [DEBUG] Validation loss for epoch 155 is 0.000537224235102736
2019-05-26 16:56:52,400 [DEBUG] Training loss for epoch 156 is 0.0008689855037346243
2019-05-26 16:56:52,400 [DEBUG] Validation loss for epoch 156 is 0.0005228116707232357
2019-05-26 16:57:09,672 [DEBUG] Training loss for epoch 157 is 0.0008681197594241362
2019-05-26 16:57:09,673 [DEBUG] Validation loss for epoch 157 is 0.0005279220227927908
2019-05-26 16:57:26,920 [DEBUG] Training loss for epoch 158 is 0.0008666353250598215
2019-05-26 16:57:26,920 [DEBUG] Validation loss for epoch 158 is 0.000543349521653514
2019-05-26 16:57:44,166 [DEBUG] Training loss for epoch 159 is 0.000865456679909361
2019-05-26 16:57:44,166 [DEBUG] Validation loss for epoch 159 is 0.0005220834698755263
2019-05-26 16:58:01,612 [DEBUG] Training loss for epoch 160 is 0.0008643579662954756
2019-05-26 16:58:01,612 [DEBUG] Validation loss for epoch 160 is 0.0005228872928784799
2019-05-26 16:58:19,531 [DEBUG] Training loss for epoch 161 is 0.0008598289035536079
2019-05-26 16:58:19,531 [DEBUG] Validation loss for epoch 161 is 0.0005344102973290351
2019-05-26 16:58:36,871 [DEBUG] Training loss for epoch 162 is 0.0008601077748050898
2019-05-26 16:58:36,871 [DEBUG] Validation loss for epoch 162 is 0.0005164457272752799
2019-05-26 16:58:54,262 [DEBUG] Training loss for epoch 163 is 0.0008576535961673951
2019-05-26 16:58:54,262 [DEBUG] Validation loss for epoch 163 is 0.0005177921510440652
2019-05-26 16:59:11,580 [DEBUG] Training loss for epoch 164 is 0.000856944306758057
2019-05-26 16:59:11,580 [DEBUG] Validation loss for epoch 164 is 0.0005249909806598053
2019-05-26 16:59:28,813 [DEBUG] Training loss for epoch 165 is 0.0008571086703723561
2019-05-26 16:59:28,813 [DEBUG] Validation loss for epoch 165 is 0.0005151175916093461
2019-05-26 16:59:45,844 [DEBUG] Training loss for epoch 166 is 0.0008536876592874136
2019-05-26 16:59:45,844 [DEBUG] Validation loss for epoch 166 is 0.000515228861419512
2019-05-26 17:00:03,450 [DEBUG] Training loss for epoch 167 is 0.0008521588030028186
2019-05-26 17:00:03,451 [DEBUG] Validation loss for epoch 167 is 0.0005323343061804358
2019-05-26 17:00:21,068 [DEBUG] Training loss for epoch 168 is 0.0008506219410714229
2019-05-26 17:00:21,068 [DEBUG] Validation loss for epoch 168 is 0.000506688006301529
2019-05-26 17:00:37,755 [DEBUG] Training loss for epoch 169 is 0.0008496014337744876
2019-05-26 17:00:37,755 [DEBUG] Validation loss for epoch 169 is 0.0005083807882067941
2019-05-26 17:00:54,979 [DEBUG] Training loss for epoch 170 is 0.0008479950530314005
2019-05-26 17:00:54,979 [DEBUG] Validation loss for epoch 170 is 0.0005237759583503912
2019-05-26 17:01:12,219 [DEBUG] Training loss for epoch 171 is 0.000846076065325349
2019-05-26 17:01:12,219 [DEBUG] Validation loss for epoch 171 is 0.0005241541504578645
2019-05-26 17:01:29,912 [DEBUG] Training loss for epoch 172 is 0.0008463678085018096
2019-05-26 17:01:29,912 [DEBUG] Validation loss for epoch 172 is 0.0005454900661612201
2019-05-26 17:01:47,137 [DEBUG] Training loss for epoch 173 is 0.0008437102715032277
2019-05-26 17:01:47,138 [DEBUG] Validation loss for epoch 173 is 0.0005670751670383971
2019-05-26 17:02:04,756 [DEBUG] Training loss for epoch 174 is 0.0008416167358929193
2019-05-26 17:02:04,757 [DEBUG] Validation loss for epoch 174 is 0.0005051020547047146
2019-05-26 17:02:22,030 [DEBUG] Training loss for epoch 175 is 0.0008415173571398067
2019-05-26 17:02:22,030 [DEBUG] Validation loss for epoch 175 is 0.0005058341843986717
2019-05-26 17:02:39,763 [DEBUG] Training loss for epoch 176 is 0.0008383105391675379
2019-05-26 17:02:39,764 [DEBUG] Validation loss for epoch 176 is 0.0005190380782421146
2019-05-26 17:02:57,267 [DEBUG] Training loss for epoch 177 is 0.0008393040090581957
2019-05-26 17:02:57,267 [DEBUG] Validation loss for epoch 177 is 0.0005077222345909621
2019-05-26 17:03:14,030 [DEBUG] Training loss for epoch 178 is 0.0008358674120769219
2019-05-26 17:03:14,030 [DEBUG] Validation loss for epoch 178 is 0.000515688452555264
2019-05-26 17:03:31,303 [DEBUG] Training loss for epoch 179 is 0.0008352478604433812
2019-05-26 17:03:31,303 [DEBUG] Validation loss for epoch 179 is 0.0005001359979457429
2019-05-26 17:03:48,840 [DEBUG] Training loss for epoch 180 is 0.0008319973666646234
2019-05-26 17:03:48,840 [DEBUG] Validation loss for epoch 180 is 0.00050227467141698
2019-05-26 17:04:05,539 [DEBUG] Training loss for epoch 181 is 0.0008316375377849704
2019-05-26 17:04:05,539 [DEBUG] Validation loss for epoch 181 is 0.0005028399207722821
2019-05-26 17:04:23,259 [DEBUG] Training loss for epoch 182 is 0.0008303070420628227
2019-05-26 17:04:23,260 [DEBUG] Validation loss for epoch 182 is 0.0005103290944912429
2019-05-26 17:04:40,944 [DEBUG] Training loss for epoch 183 is 0.0008291829543899429
2019-05-26 17:04:40,944 [DEBUG] Validation loss for epoch 183 is 0.0004940181727589771
2019-05-26 17:04:58,905 [DEBUG] Training loss for epoch 184 is 0.0008278863129782174
2019-05-26 17:04:58,906 [DEBUG] Validation loss for epoch 184 is 0.0004977218088963047
2019-05-26 17:05:16,870 [DEBUG] Training loss for epoch 185 is 0.0008270477841053321
2019-05-26 17:05:16,871 [DEBUG] Validation loss for epoch 185 is 0.0004892466101972829
2019-05-26 17:05:34,717 [DEBUG] Training loss for epoch 186 is 0.0008266524745185883
2019-05-26 17:05:34,718 [DEBUG] Validation loss for epoch 186 is 0.0004894803275300441
2019-05-26 17:05:51,938 [DEBUG] Training loss for epoch 187 is 0.0008236262196631043
2019-05-26 17:05:51,938 [DEBUG] Validation loss for epoch 187 is 0.000513202790497448
2019-05-26 17:06:09,150 [DEBUG] Training loss for epoch 188 is 0.000824209462846425
2019-05-26 17:06:09,151 [DEBUG] Validation loss for epoch 188 is 0.00048782466105820306
2019-05-26 17:06:25,525 [DEBUG] Training loss for epoch 189 is 0.0008220821762108263
2019-05-26 17:06:25,525 [DEBUG] Validation loss for epoch 189 is 0.0004910967603677595
2019-05-26 17:06:42,851 [DEBUG] Training loss for epoch 190 is 0.0008186531824165661
2019-05-26 17:06:42,851 [DEBUG] Validation loss for epoch 190 is 0.0004927228030700672
2019-05-26 17:07:00,803 [DEBUG] Training loss for epoch 191 is 0.0008194343240043296
2019-05-26 17:07:00,804 [DEBUG] Validation loss for epoch 191 is 0.00048387190296672486
2019-05-26 17:07:18,040 [DEBUG] Training loss for epoch 192 is 0.0008149129384741262
2019-05-26 17:07:18,040 [DEBUG] Validation loss for epoch 192 is 0.0004825690465879645
2019-05-26 17:07:35,436 [DEBUG] Training loss for epoch 193 is 0.0008187944980851955
2019-05-26 17:07:35,437 [DEBUG] Validation loss for epoch 193 is 0.0004829875751615995
2019-05-26 17:07:52,937 [DEBUG] Training loss for epoch 194 is 0.0008159040237589789
2019-05-26 17:07:52,937 [DEBUG] Validation loss for epoch 194 is 0.0004805395619745384
2019-05-26 17:08:10,808 [DEBUG] Training loss for epoch 195 is 0.00081449715824706
2019-05-26 17:08:10,808 [DEBUG] Validation loss for epoch 195 is 0.00048692309057196654
2019-05-26 17:08:28,676 [DEBUG] Training loss for epoch 196 is 0.0008120763414759505
2019-05-26 17:08:28,677 [DEBUG] Validation loss for epoch 196 is 0.0005141471352231362
2019-05-26 17:08:46,138 [DEBUG] Training loss for epoch 197 is 0.0008112778607554627
2019-05-26 17:08:46,139 [DEBUG] Validation loss for epoch 197 is 0.0004936548509622577
2019-05-26 17:09:03,712 [DEBUG] Training loss for epoch 198 is 0.0008093934162248571
2019-05-26 17:09:03,713 [DEBUG] Validation loss for epoch 198 is 0.000536790962145097
2019-05-26 17:09:21,460 [DEBUG] Training loss for epoch 199 is 0.0008115568053385338
2019-05-26 17:09:21,460 [DEBUG] Validation loss for epoch 199 is 0.0004767015512877151
2019-05-26 17:09:39,394 [DEBUG] Training loss for epoch 200 is 0.0008076993446010118
2019-05-26 17:09:39,394 [DEBUG] Validation loss for epoch 200 is 0.00048472033496548174
2019-05-26 17:09:56,735 [DEBUG] Training loss for epoch 201 is 0.0008067563326255093
2019-05-26 17:09:56,735 [DEBUG] Validation loss for epoch 201 is 0.00048007081372575895
2019-05-26 17:10:14,330 [DEBUG] Training loss for epoch 202 is 0.0008047924808165308
2019-05-26 17:10:14,331 [DEBUG] Validation loss for epoch 202 is 0.000534859897440636
2019-05-26 17:10:31,689 [DEBUG] Training loss for epoch 203 is 0.0008056332792660221
2019-05-26 17:10:31,689 [DEBUG] Validation loss for epoch 203 is 0.00047492869297423404
2019-05-26 17:10:49,296 [DEBUG] Training loss for epoch 204 is 0.0008038531189009394
2019-05-26 17:10:49,297 [DEBUG] Validation loss for epoch 204 is 0.00048253147809921757
2019-05-26 17:11:06,747 [DEBUG] Training loss for epoch 205 is 0.0008026201507554966
2019-05-26 17:11:06,747 [DEBUG] Validation loss for epoch 205 is 0.0004808984846693803
2019-05-26 17:11:24,075 [DEBUG] Training loss for epoch 206 is 0.000798803245994475
2019-05-26 17:11:24,075 [DEBUG] Validation loss for epoch 206 is 0.0004802448374125985
2019-05-26 17:11:42,092 [DEBUG] Training loss for epoch 207 is 0.0007990025487691049
2019-05-26 17:11:42,092 [DEBUG] Validation loss for epoch 207 is 0.0004693093518355943
2019-05-26 17:11:59,899 [DEBUG] Training loss for epoch 208 is 0.0007977226920694914
2019-05-26 17:11:59,899 [DEBUG] Validation loss for epoch 208 is 0.0005001708608793808
2019-05-26 17:12:17,332 [DEBUG] Training loss for epoch 209 is 0.0007982445322751848
2019-05-26 17:12:17,332 [DEBUG] Validation loss for epoch 209 is 0.0004894365808657393
2019-05-26 17:12:35,060 [DEBUG] Training loss for epoch 210 is 0.0007977776721910844
2019-05-26 17:12:35,061 [DEBUG] Validation loss for epoch 210 is 0.0004678387423829629
2019-05-26 17:12:52,335 [DEBUG] Training loss for epoch 211 is 0.0007969075551855343
2019-05-26 17:12:52,335 [DEBUG] Validation loss for epoch 211 is 0.00048389543068931795
2019-05-26 17:13:10,026 [DEBUG] Training loss for epoch 212 is 0.0007946617394194184
2019-05-26 17:13:10,027 [DEBUG] Validation loss for epoch 212 is 0.0004727317626522435
2019-05-26 17:13:27,892 [DEBUG] Training loss for epoch 213 is 0.0007944652983901165
2019-05-26 17:13:27,893 [DEBUG] Validation loss for epoch 213 is 0.00047815664526620677
2019-05-26 17:13:45,795 [DEBUG] Training loss for epoch 214 is 0.0007914636925470021
2019-05-26 17:13:45,795 [DEBUG] Validation loss for epoch 214 is 0.0004862010161660002
2019-05-26 17:14:02,958 [DEBUG] Training loss for epoch 215 is 0.000790632471626482
2019-05-26 17:14:02,959 [DEBUG] Validation loss for epoch 215 is 0.00046818152961423845
2019-05-26 17:14:19,393 [DEBUG] Training loss for epoch 216 is 0.0007886892106137803
2019-05-26 17:14:19,393 [DEBUG] Validation loss for epoch 216 is 0.0004762176049541225
2019-05-26 17:14:36,540 [DEBUG] Training loss for epoch 217 is 0.0007890030635491802
2019-05-26 17:14:36,540 [DEBUG] Validation loss for epoch 217 is 0.0004712539154965435
2019-05-26 17:14:52,713 [DEBUG] Training loss for epoch 218 is 0.0007870897753994326
2019-05-26 17:14:52,714 [DEBUG] Validation loss for epoch 218 is 0.00047718479134557334
2019-05-26 17:15:08,813 [DEBUG] Training loss for epoch 219 is 0.0007846845598194746
2019-05-26 17:15:08,813 [DEBUG] Validation loss for epoch 219 is 0.00046353384085268085
2019-05-26 17:15:26,023 [DEBUG] Training loss for epoch 220 is 0.0007859427580095571
2019-05-26 17:15:26,023 [DEBUG] Validation loss for epoch 220 is 0.0004649132035318179
2019-05-26 17:15:41,850 [DEBUG] Training loss for epoch 221 is 0.0007833567067688047
2019-05-26 17:15:41,851 [DEBUG] Validation loss for epoch 221 is 0.00046209681313864605
2019-05-26 17:15:58,451 [DEBUG] Training loss for epoch 222 is 0.0007794762215737476
2019-05-26 17:15:58,451 [DEBUG] Validation loss for epoch 222 is 0.0004642251803227126
2019-05-26 17:16:15,994 [DEBUG] Training loss for epoch 223 is 0.0007814973521230448
2019-05-26 17:16:15,994 [DEBUG] Validation loss for epoch 223 is 0.0004697521829050258
2019-05-26 17:16:32,652 [DEBUG] Training loss for epoch 224 is 0.0007817178093901935
2019-05-26 17:16:32,653 [DEBUG] Validation loss for epoch 224 is 0.00048031859086651476
2019-05-26 17:16:49,917 [DEBUG] Training loss for epoch 225 is 0.0007773395817616873
2019-05-26 17:16:49,917 [DEBUG] Validation loss for epoch 225 is 0.00047726401666134345
2019-05-26 17:17:07,401 [DEBUG] Training loss for epoch 226 is 0.0007778029960775823
2019-05-26 17:17:07,402 [DEBUG] Validation loss for epoch 226 is 0.0004592682037689946
2019-05-26 17:17:24,905 [DEBUG] Training loss for epoch 227 is 0.0007763228139200855
2019-05-26 17:17:24,906 [DEBUG] Validation loss for epoch 227 is 0.000455059154081114
2019-05-26 17:17:42,452 [DEBUG] Training loss for epoch 228 is 0.0007766448598282293
2019-05-26 17:17:42,452 [DEBUG] Validation loss for epoch 228 is 0.0004570410706953978
2019-05-26 17:17:59,778 [DEBUG] Training loss for epoch 229 is 0.0007738833679442263
2019-05-26 17:17:59,778 [DEBUG] Validation loss for epoch 229 is 0.0004767295259351138
2019-05-26 17:18:17,120 [DEBUG] Training loss for epoch 230 is 0.0007740294551504939
2019-05-26 17:18:17,120 [DEBUG] Validation loss for epoch 230 is 0.0004564363462941579
2019-05-26 17:18:34,891 [DEBUG] Training loss for epoch 231 is 0.0007709192697753541
2019-05-26 17:18:34,892 [DEBUG] Validation loss for epoch 231 is 0.0004612982367798419
2019-05-26 17:18:53,385 [DEBUG] Training loss for epoch 232 is 0.0007719365644480293
2019-05-26 17:18:53,386 [DEBUG] Validation loss for epoch 232 is 0.00046436446297786816
2019-05-26 17:19:11,098 [DEBUG] Training loss for epoch 233 is 0.000771035925333138
2019-05-26 17:19:11,098 [DEBUG] Validation loss for epoch 233 is 0.0004625615510010918
2019-05-26 17:19:29,122 [DEBUG] Training loss for epoch 234 is 0.0007701559613021785
2019-05-26 17:19:29,122 [DEBUG] Validation loss for epoch 234 is 0.00045960635722621507
2019-05-26 17:19:47,005 [DEBUG] Training loss for epoch 235 is 0.0007689528315373025
2019-05-26 17:19:47,006 [DEBUG] Validation loss for epoch 235 is 0.000459565000854
2019-05-26 17:20:04,603 [DEBUG] Training loss for epoch 236 is 0.0007658061025932472
2019-05-26 17:20:04,603 [DEBUG] Validation loss for epoch 236 is 0.00046136049824552363
2019-05-26 17:20:22,418 [DEBUG] Training loss for epoch 237 is 0.000765304779273108
2019-05-26 17:20:22,418 [DEBUG] Validation loss for epoch 237 is 0.00046606570367509377
2019-05-26 17:20:22,419 [INFO] Saving training and validation loss history to file...
2019-05-26 17:20:22,420 [INFO] Training completed!
2019-05-26 17:20:22,424 [INFO] Plotting training profile for 237 epochs
2019-05-26 17:20:22,456 [DEBUG] update_title_pos
2019-05-26 17:20:22,465 [DEBUG] findfont: Matching :family=sans-serif:style=normal:variant=normal:weight=normal:stretch=normal:size=10.0 to DejaVu Sans ('/home/miruware/miniconda3/envs/ano/lib/python3.5/site-packages/matplotlib/mpl-data/fonts/ttf/DejaVuSans.ttf') with score of 0.050000.
2019-05-26 17:20:22,529 [DEBUG] update_title_pos
2019-05-26 17:20:22,560 [INFO] Job c51f37de-9c2c-4941-b881-5029044a4564 has finished training.
